2020-10-15T12:12:19.510Z INFO @wdio/cli:launcher: Run onPrepare hook
2020-10-15T12:12:20.588Z INFO @wdio/cli:launcher: Run onWorkerStart hook
2020-10-15T12:12:20.588Z INFO @wdio/cli:launcher: Run onWorkerStart hook
2020-10-15T12:12:20.588Z INFO @wdio/cli:launcher: Run onWorkerStart hook
2020-10-15T12:12:20.588Z INFO @wdio/cli:launcher: Run onWorkerStart hook
2020-10-15T12:12:20.588Z INFO @wdio/cli:launcher: Run onWorkerStart hook
2020-10-15T12:12:20.589Z INFO @wdio/local-runner: Start worker 0-0 with arg: run,wdio.conf.js
2020-10-15T12:12:20.603Z INFO @wdio/local-runner: Start worker 0-1 with arg: run,wdio.conf.js
2020-10-15T12:12:20.615Z INFO @wdio/local-runner: Start worker 0-2 with arg: run,wdio.conf.js
2020-10-15T12:12:20.630Z INFO @wdio/local-runner: Start worker 0-3 with arg: run,wdio.conf.js
2020-10-15T12:12:20.646Z INFO @wdio/local-runner: Start worker 0-4 with arg: run,wdio.conf.js
2020-10-15T12:12:30.249Z INFO @wdio/cli: [0-2] SKIPPED in chrome - D:\TaviscaAssignmentsForQA\webDriverIO-Cucumber\features\feature-files\bank.citi.feature
2020-10-15T12:12:30.250Z INFO @wdio/cli:launcher: Run onWorkerStart hook
2020-10-15T12:12:30.251Z INFO @wdio/local-runner: Start worker 0-5 with arg: run,wdio.conf.js
2020-10-15T12:12:30.264Z INFO @wdio/cli: [0-3] SKIPPED in chrome - D:\TaviscaAssignmentsForQA\webDriverIO-Cucumber\features\feature-files\hotel.paging.feature
2020-10-15T12:12:30.264Z INFO @wdio/cli:launcher: Run onWorkerStart hook
2020-10-15T12:12:30.265Z INFO @wdio/local-runner: Start worker 0-6 with arg: run,wdio.conf.js
2020-10-15T12:12:30.279Z INFO @wdio/cli: [0-4] SKIPPED in chrome - D:\TaviscaAssignmentsForQA\webDriverIO-Cucumber\features\feature-files\hotel.search.feature
2020-10-15T12:12:40.228Z INFO @wdio/cli: [0-6] SKIPPED in chrome - D:\TaviscaAssignmentsForQA\webDriverIO-Cucumber\features\feature-files\login.feature
2020-10-15T12:12:40.429Z INFO @wdio/cli: [0-5] SKIPPED in chrome - D:\TaviscaAssignmentsForQA\webDriverIO-Cucumber\features\feature-files\hotel.sorting.feature
2020-10-15T12:13:38.676Z INFO @wdio/cli:launcher: Run onComplete hook
2020-10-15T12:13:38.685Z INFO @wdio/local-runner: Shutting down spawned worker
2020-10-15T12:13:38.937Z INFO @wdio/local-runner: Waiting for 0 to shut down gracefully
