2020-10-15T12:12:22.333Z INFO @wdio/local-runner: Run worker command: run
2020-10-15T12:12:22.990Z INFO webdriverio: Initiate new session using the ./protocol-stub protocol
2020-10-15T12:12:23.352Z INFO wdio-multiple-cucumber-html-reporter: The 'jsonFolder' was not set, it has been set to the default '.tmp/json/'
2020-10-15T12:12:23.352Z INFO wdio-multiple-cucumber-html-reporter: The 'language' was not set, it has been set to the default 'en'
2020-10-15T12:12:25.010Z INFO @wdio/runner: Wait for 1 reporter to synchronise
2020-10-15T12:12:25.110Z INFO @wdio/runner: Wait for 1 reporter to synchronise
2020-10-15T12:12:25.210Z INFO @wdio/runner: Wait for 1 reporter to synchronise
2020-10-15T12:12:25.311Z INFO @wdio/runner: Wait for 1 reporter to synchronise
2020-10-15T12:12:25.412Z INFO @wdio/runner: Wait for 1 reporter to synchronise
2020-10-15T12:12:25.512Z INFO @wdio/runner: Wait for 1 reporter to synchronise
2020-10-15T12:12:25.613Z INFO @wdio/runner: Wait for 1 reporter to synchronise
2020-10-15T12:12:25.713Z INFO @wdio/runner: Wait for 1 reporter to synchronise
2020-10-15T12:12:25.815Z INFO @wdio/runner: Wait for 1 reporter to synchronise
2020-10-15T12:12:25.915Z INFO @wdio/runner: Wait for 1 reporter to synchronise
2020-10-15T12:12:26.016Z INFO @wdio/runner: Wait for 1 reporter to synchronise
2020-10-15T12:12:26.117Z INFO @wdio/runner: Wait for 1 reporter to synchronise
2020-10-15T12:12:26.217Z INFO @wdio/runner: Wait for 1 reporter to synchronise
2020-10-15T12:12:26.317Z INFO @wdio/runner: Wait for 1 reporter to synchronise
2020-10-15T12:12:26.418Z INFO @wdio/runner: Wait for 1 reporter to synchronise
2020-10-15T12:12:26.518Z INFO @wdio/runner: Wait for 1 reporter to synchronise
2020-10-15T12:12:26.619Z INFO @wdio/runner: Wait for 1 reporter to synchronise
2020-10-15T12:12:26.719Z INFO @wdio/runner: Wait for 1 reporter to synchronise
2020-10-15T12:12:26.820Z INFO @wdio/runner: Wait for 1 reporter to synchronise
2020-10-15T12:12:26.920Z INFO @wdio/runner: Wait for 1 reporter to synchronise
2020-10-15T12:12:27.022Z INFO @wdio/runner: Wait for 1 reporter to synchronise
2020-10-15T12:12:27.122Z INFO @wdio/runner: Wait for 1 reporter to synchronise
2020-10-15T12:12:27.229Z INFO @wdio/runner: Wait for 1 reporter to synchronise
2020-10-15T12:12:27.329Z INFO @wdio/runner: Wait for 1 reporter to synchronise
2020-10-15T12:12:27.430Z INFO @wdio/runner: Wait for 1 reporter to synchronise
2020-10-15T12:12:27.534Z INFO @wdio/runner: Wait for 1 reporter to synchronise
2020-10-15T12:12:27.648Z INFO @wdio/runner: Wait for 1 reporter to synchronise
2020-10-15T12:12:27.743Z INFO @wdio/runner: Wait for 1 reporter to synchronise
2020-10-15T12:12:27.844Z INFO @wdio/runner: Wait for 1 reporter to synchronise
2020-10-15T12:12:27.947Z INFO @wdio/runner: Wait for 1 reporter to synchronise
2020-10-15T12:12:28.055Z INFO @wdio/runner: Wait for 1 reporter to synchronise
2020-10-15T12:12:28.155Z INFO @wdio/runner: Wait for 1 reporter to synchronise
2020-10-15T12:12:28.256Z INFO @wdio/runner: Wait for 1 reporter to synchronise
2020-10-15T12:12:28.374Z INFO @wdio/runner: Wait for 1 reporter to synchronise
2020-10-15T12:12:28.475Z INFO @wdio/runner: Wait for 1 reporter to synchronise
2020-10-15T12:12:28.579Z INFO @wdio/runner: Wait for 1 reporter to synchronise
2020-10-15T12:12:28.679Z INFO @wdio/runner: Wait for 1 reporter to synchronise
2020-10-15T12:12:28.780Z INFO @wdio/runner: Wait for 1 reporter to synchronise
2020-10-15T12:12:28.880Z INFO @wdio/runner: Wait for 1 reporter to synchronise
2020-10-15T12:12:28.981Z INFO @wdio/runner: Wait for 1 reporter to synchronise
2020-10-15T12:12:29.084Z INFO @wdio/runner: Wait for 1 reporter to synchronise
2020-10-15T12:12:29.184Z INFO @wdio/runner: Wait for 1 reporter to synchronise
2020-10-15T12:12:29.285Z INFO @wdio/runner: Wait for 1 reporter to synchronise
2020-10-15T12:12:29.385Z INFO @wdio/runner: Wait for 1 reporter to synchronise
2020-10-15T12:12:29.484Z INFO @wdio/runner: Wait for 1 reporter to synchronise
2020-10-15T12:12:29.585Z INFO @wdio/runner: Wait for 1 reporter to synchronise
2020-10-15T12:12:29.686Z INFO @wdio/runner: Wait for 1 reporter to synchronise
2020-10-15T12:12:29.786Z INFO @wdio/runner: Wait for 1 reporter to synchronise
2020-10-15T12:12:29.885Z INFO @wdio/runner: Wait for 1 reporter to synchronise
2020-10-15T12:12:29.987Z ERROR @wdio/runner: Error: Some reporters are still unsynced: Video
    at Timeout.<anonymous> (D:\TaviscaAssignmentsForQA\webDriverIO-Cucumber\node_modules\@wdio\runner\build\reporter.js:86:25)
    at listOnTimeout (internal/timers.js:549:17)
    at processTimers (internal/timers.js:492:7)
