2020-10-15T12:12:31.989Z INFO @wdio/local-runner: Run worker command: run
2020-10-15T12:12:32.714Z INFO webdriverio: Initiate new session using the ./protocol-stub protocol
2020-10-15T12:12:33.130Z INFO wdio-multiple-cucumber-html-reporter: The 'jsonFolder' was not set, it has been set to the default '.tmp/json/'
2020-10-15T12:12:33.130Z INFO wdio-multiple-cucumber-html-reporter: The 'language' was not set, it has been set to the default 'en'
2020-10-15T12:12:35.059Z INFO @wdio/runner: Wait for 1 reporter to synchronise
2020-10-15T12:12:35.162Z INFO @wdio/runner: Wait for 1 reporter to synchronise
2020-10-15T12:12:35.263Z INFO @wdio/runner: Wait for 1 reporter to synchronise
2020-10-15T12:12:35.362Z INFO @wdio/runner: Wait for 1 reporter to synchronise
2020-10-15T12:12:35.463Z INFO @wdio/runner: Wait for 1 reporter to synchronise
2020-10-15T12:12:35.563Z INFO @wdio/runner: Wait for 1 reporter to synchronise
2020-10-15T12:12:35.664Z INFO @wdio/runner: Wait for 1 reporter to synchronise
2020-10-15T12:12:35.765Z INFO @wdio/runner: Wait for 1 reporter to synchronise
2020-10-15T12:12:35.865Z INFO @wdio/runner: Wait for 1 reporter to synchronise
2020-10-15T12:12:35.966Z INFO @wdio/runner: Wait for 1 reporter to synchronise
2020-10-15T12:12:36.067Z INFO @wdio/runner: Wait for 1 reporter to synchronise
2020-10-15T12:12:36.167Z INFO @wdio/runner: Wait for 1 reporter to synchronise
2020-10-15T12:12:36.268Z INFO @wdio/runner: Wait for 1 reporter to synchronise
2020-10-15T12:12:36.367Z INFO @wdio/runner: Wait for 1 reporter to synchronise
2020-10-15T12:12:36.468Z INFO @wdio/runner: Wait for 1 reporter to synchronise
2020-10-15T12:12:36.567Z INFO @wdio/runner: Wait for 1 reporter to synchronise
2020-10-15T12:12:36.668Z INFO @wdio/runner: Wait for 1 reporter to synchronise
2020-10-15T12:12:36.768Z INFO @wdio/runner: Wait for 1 reporter to synchronise
2020-10-15T12:12:36.867Z INFO @wdio/runner: Wait for 1 reporter to synchronise
2020-10-15T12:12:36.968Z INFO @wdio/runner: Wait for 1 reporter to synchronise
2020-10-15T12:12:37.068Z INFO @wdio/runner: Wait for 1 reporter to synchronise
2020-10-15T12:12:37.169Z INFO @wdio/runner: Wait for 1 reporter to synchronise
2020-10-15T12:12:37.270Z INFO @wdio/runner: Wait for 1 reporter to synchronise
2020-10-15T12:12:37.369Z INFO @wdio/runner: Wait for 1 reporter to synchronise
2020-10-15T12:12:37.470Z INFO @wdio/runner: Wait for 1 reporter to synchronise
2020-10-15T12:12:37.569Z INFO @wdio/runner: Wait for 1 reporter to synchronise
2020-10-15T12:12:37.670Z INFO @wdio/runner: Wait for 1 reporter to synchronise
2020-10-15T12:12:37.769Z INFO @wdio/runner: Wait for 1 reporter to synchronise
2020-10-15T12:12:37.870Z INFO @wdio/runner: Wait for 1 reporter to synchronise
2020-10-15T12:12:37.969Z INFO @wdio/runner: Wait for 1 reporter to synchronise
2020-10-15T12:12:38.070Z INFO @wdio/runner: Wait for 1 reporter to synchronise
2020-10-15T12:12:38.170Z INFO @wdio/runner: Wait for 1 reporter to synchronise
2020-10-15T12:12:38.271Z INFO @wdio/runner: Wait for 1 reporter to synchronise
2020-10-15T12:12:38.372Z INFO @wdio/runner: Wait for 1 reporter to synchronise
2020-10-15T12:12:38.471Z INFO @wdio/runner: Wait for 1 reporter to synchronise
2020-10-15T12:12:38.572Z INFO @wdio/runner: Wait for 1 reporter to synchronise
2020-10-15T12:12:38.672Z INFO @wdio/runner: Wait for 1 reporter to synchronise
2020-10-15T12:12:38.774Z INFO @wdio/runner: Wait for 1 reporter to synchronise
2020-10-15T12:12:38.875Z INFO @wdio/runner: Wait for 1 reporter to synchronise
2020-10-15T12:12:38.974Z INFO @wdio/runner: Wait for 1 reporter to synchronise
2020-10-15T12:12:39.075Z INFO @wdio/runner: Wait for 1 reporter to synchronise
2020-10-15T12:12:39.175Z INFO @wdio/runner: Wait for 1 reporter to synchronise
2020-10-15T12:12:39.276Z INFO @wdio/runner: Wait for 1 reporter to synchronise
2020-10-15T12:12:39.376Z INFO @wdio/runner: Wait for 1 reporter to synchronise
2020-10-15T12:12:39.477Z INFO @wdio/runner: Wait for 1 reporter to synchronise
2020-10-15T12:12:39.578Z INFO @wdio/runner: Wait for 1 reporter to synchronise
2020-10-15T12:12:39.679Z INFO @wdio/runner: Wait for 1 reporter to synchronise
2020-10-15T12:12:39.778Z INFO @wdio/runner: Wait for 1 reporter to synchronise
2020-10-15T12:12:39.878Z INFO @wdio/runner: Wait for 1 reporter to synchronise
2020-10-15T12:12:39.979Z ERROR @wdio/runner: Error: Some reporters are still unsynced: Video
    at Timeout.<anonymous> (D:\TaviscaAssignmentsForQA\webDriverIO-Cucumber\node_modules\@wdio\runner\build\reporter.js:86:25)
    at listOnTimeout (internal/timers.js:549:17)
    at processTimers (internal/timers.js:492:7)
