2020-10-15T12:12:22.382Z INFO @wdio/local-runner: Run worker command: run
2020-10-15T12:12:23.049Z INFO webdriverio: Initiate new session using the ./protocol-stub protocol
2020-10-15T12:12:23.411Z INFO wdio-multiple-cucumber-html-reporter: The 'jsonFolder' was not set, it has been set to the default '.tmp/json/'
2020-10-15T12:12:23.411Z INFO wdio-multiple-cucumber-html-reporter: The 'language' was not set, it has been set to the default 'en'
2020-10-15T12:12:25.089Z INFO @wdio/runner: Wait for 1 reporter to synchronise
2020-10-15T12:12:25.189Z INFO @wdio/runner: Wait for 1 reporter to synchronise
2020-10-15T12:12:25.290Z INFO @wdio/runner: Wait for 1 reporter to synchronise
2020-10-15T12:12:25.391Z INFO @wdio/runner: Wait for 1 reporter to synchronise
2020-10-15T12:12:25.491Z INFO @wdio/runner: Wait for 1 reporter to synchronise
2020-10-15T12:12:25.592Z INFO @wdio/runner: Wait for 1 reporter to synchronise
2020-10-15T12:12:25.691Z INFO @wdio/runner: Wait for 1 reporter to synchronise
2020-10-15T12:12:25.792Z INFO @wdio/runner: Wait for 1 reporter to synchronise
2020-10-15T12:12:25.893Z INFO @wdio/runner: Wait for 1 reporter to synchronise
2020-10-15T12:12:25.993Z INFO @wdio/runner: Wait for 1 reporter to synchronise
2020-10-15T12:12:26.094Z INFO @wdio/runner: Wait for 1 reporter to synchronise
2020-10-15T12:12:26.194Z INFO @wdio/runner: Wait for 1 reporter to synchronise
2020-10-15T12:12:26.295Z INFO @wdio/runner: Wait for 1 reporter to synchronise
2020-10-15T12:12:26.395Z INFO @wdio/runner: Wait for 1 reporter to synchronise
2020-10-15T12:12:26.496Z INFO @wdio/runner: Wait for 1 reporter to synchronise
2020-10-15T12:12:26.597Z INFO @wdio/runner: Wait for 1 reporter to synchronise
2020-10-15T12:12:26.696Z INFO @wdio/runner: Wait for 1 reporter to synchronise
2020-10-15T12:12:26.797Z INFO @wdio/runner: Wait for 1 reporter to synchronise
2020-10-15T12:12:26.898Z INFO @wdio/runner: Wait for 1 reporter to synchronise
2020-10-15T12:12:26.997Z INFO @wdio/runner: Wait for 1 reporter to synchronise
2020-10-15T12:12:27.098Z INFO @wdio/runner: Wait for 1 reporter to synchronise
2020-10-15T12:12:27.201Z INFO @wdio/runner: Wait for 1 reporter to synchronise
2020-10-15T12:12:27.301Z INFO @wdio/runner: Wait for 1 reporter to synchronise
2020-10-15T12:12:27.404Z INFO @wdio/runner: Wait for 1 reporter to synchronise
2020-10-15T12:12:27.508Z INFO @wdio/runner: Wait for 1 reporter to synchronise
2020-10-15T12:12:27.608Z INFO @wdio/runner: Wait for 1 reporter to synchronise
2020-10-15T12:12:27.718Z INFO @wdio/runner: Wait for 1 reporter to synchronise
2020-10-15T12:12:27.818Z INFO @wdio/runner: Wait for 1 reporter to synchronise
2020-10-15T12:12:27.921Z INFO @wdio/runner: Wait for 1 reporter to synchronise
2020-10-15T12:12:28.047Z INFO @wdio/runner: Wait for 1 reporter to synchronise
2020-10-15T12:12:28.146Z INFO @wdio/runner: Wait for 1 reporter to synchronise
2020-10-15T12:12:28.260Z INFO @wdio/runner: Wait for 1 reporter to synchronise
2020-10-15T12:12:28.375Z INFO @wdio/runner: Wait for 1 reporter to synchronise
2020-10-15T12:12:28.475Z INFO @wdio/runner: Wait for 1 reporter to synchronise
2020-10-15T12:12:28.576Z INFO @wdio/runner: Wait for 1 reporter to synchronise
2020-10-15T12:12:28.679Z INFO @wdio/runner: Wait for 1 reporter to synchronise
2020-10-15T12:12:28.781Z INFO @wdio/runner: Wait for 1 reporter to synchronise
2020-10-15T12:12:28.881Z INFO @wdio/runner: Wait for 1 reporter to synchronise
2020-10-15T12:12:28.981Z INFO @wdio/runner: Wait for 1 reporter to synchronise
2020-10-15T12:12:29.084Z INFO @wdio/runner: Wait for 1 reporter to synchronise
2020-10-15T12:12:29.184Z INFO @wdio/runner: Wait for 1 reporter to synchronise
2020-10-15T12:12:29.292Z INFO @wdio/runner: Wait for 1 reporter to synchronise
2020-10-15T12:12:29.392Z INFO @wdio/runner: Wait for 1 reporter to synchronise
2020-10-15T12:12:29.493Z INFO @wdio/runner: Wait for 1 reporter to synchronise
2020-10-15T12:12:29.594Z INFO @wdio/runner: Wait for 1 reporter to synchronise
2020-10-15T12:12:29.693Z INFO @wdio/runner: Wait for 1 reporter to synchronise
2020-10-15T12:12:29.793Z INFO @wdio/runner: Wait for 1 reporter to synchronise
2020-10-15T12:12:29.893Z INFO @wdio/runner: Wait for 1 reporter to synchronise
2020-10-15T12:12:29.994Z ERROR @wdio/runner: Error: Some reporters are still unsynced: Video
    at Timeout.<anonymous> (D:\TaviscaAssignmentsForQA\webDriverIO-Cucumber\node_modules\@wdio\runner\build\reporter.js:86:25)
    at listOnTimeout (internal/timers.js:549:17)
    at processTimers (internal/timers.js:492:7)
