{"level":"SEVERE","message":"https://www.axisbank.com// 2046:20 Uncaught TypeError: Cannot read property 'parentNode' of null","source":"javascript","timestamp":1602763960727}
{"level":"SEVERE","message":"https://www.axisbank.com// 2316:24 Uncaught TypeError: Cannot read property 'appendChild' of null","source":"javascript","timestamp":1602763960731}
{"level":"SEVERE","message":"https://www.axisbank.com/assets/js/coachMark.js 0:31 Uncaught ReferenceError: getCookie is not defined","source":"javascript","timestamp":1602763960731}
{"level":"SEVERE","message":"https://www.axisbank.com// 1663:34 Uncaught TypeError: Cannot set property 'innerHTML' of null","source":"javascript","timestamp":1602763961460}
{"level":"SEVERE","message":"https://www.axisbank.com// - Invalid 'X-Frame-Options' header encountered when loading 'https://application.axisbank.co.in/webforms/axisbank_subscribeBand/axisbank_subscribeBand.aspx': 'Allow-From www.axisbank.com axmob.axisbank.co.in' is not a recognized directive. The header will be ignored.","source":"other","timestamp":1602763961638}
{"level":"WARNING","message":"https://assets.adobedtm.com/99ed9185474c/48d3ca71b704/launch-ba5be6edbf5b.min.js 1:18437 \"AT:\" \"Failed actions\" Array(3)","source":"console-api","timestamp":1602763968307}
{"level":"SEVERE","message":"https://www.axisbank.com// 1663:34 Uncaught TypeError: Cannot set property 'innerHTML' of null","source":"javascript","timestamp":1602763970503}
{"level":"SEVERE","message":"https://www.axisbank.com// 2046:20 Uncaught TypeError: Cannot read property 'parentNode' of null","source":"javascript","timestamp":1602763970512}
{"level":"SEVERE","message":"https://www.axisbank.com// 2316:24 Uncaught TypeError: Cannot read property 'appendChild' of null","source":"javascript","timestamp":1602763970517}
{"level":"SEVERE","message":"https://www.axisbank.com/assets/js/coachMark.js 0:31 Uncaught ReferenceError: getCookie is not defined","source":"javascript","timestamp":1602763970517}
{"level":"SEVERE","message":"https://www.axisbank.com// - Invalid 'X-Frame-Options' header encountered when loading 'https://application.axisbank.co.in/webforms/axisbank_subscribeBand/axisbank_subscribeBand.aspx': 'Allow-From www.axisbank.com axmob.axisbank.co.in' is not a recognized directive. The header will be ignored.","source":"other","timestamp":1602763970792}
{"level":"WARNING","message":"https://assets.adobedtm.com/99ed9185474c/48d3ca71b704/launch-ba5be6edbf5b.min.js 1:18437 \"AT:\" \"Failed actions\" Array(3)","source":"console-api","timestamp":1602763979737}
{"level":"SEVERE","message":"https://www.axisbank.com/assets/js/vendor.js 0:13051 Uncaught Error: Syntax error, unrecognized expression: .","source":"javascript","timestamp":1602763979738}
{"level":"SEVERE","message":"https://www.axisbank.com// 2046:20 Uncaught TypeError: Cannot read property 'parentNode' of null","source":"javascript","timestamp":1602763980808}
{"level":"SEVERE","message":"https://www.axisbank.com// 2316:24 Uncaught TypeError: Cannot read property 'appendChild' of null","source":"javascript","timestamp":1602763980810}
{"level":"SEVERE","message":"https://www.axisbank.com/assets/js/coachMark.js 0:31 Uncaught ReferenceError: getCookie is not defined","source":"javascript","timestamp":1602763980811}
{"level":"SEVERE","message":"https://www.axisbank.com// 1663:34 Uncaught TypeError: Cannot set property 'innerHTML' of null","source":"javascript","timestamp":1602763980859}
{"level":"SEVERE","message":"https://www.axisbank.com// - Invalid 'X-Frame-Options' header encountered when loading 'https://application.axisbank.co.in/webforms/axisbank_subscribeBand/axisbank_subscribeBand.aspx': 'Allow-From www.axisbank.com axmob.axisbank.co.in' is not a recognized directive. The header will be ignored.","source":"other","timestamp":1602763981093}
{"level":"SEVERE","message":"https://www.axisbank.com/assets/js/vendor.js 0:13051 Uncaught Error: Syntax error, unrecognized expression: .","source":"javascript","timestamp":1602763988781}
{"level":"WARNING","message":"https://assets.adobedtm.com/99ed9185474c/48d3ca71b704/launch-ba5be6edbf5b.min.js 1:18437 \"AT:\" \"Failed actions\" Array(3)","source":"console-api","timestamp":1602763988782}
{"level":"SEVERE","message":"https://www.axisbank.com// 1663:34 Uncaught TypeError: Cannot set property 'innerHTML' of null","source":"javascript","timestamp":1602763989561}
{"level":"SEVERE","message":"https://www.axisbank.com// 2046:20 Uncaught TypeError: Cannot read property 'parentNode' of null","source":"javascript","timestamp":1602763989568}
{"level":"SEVERE","message":"https://www.axisbank.com// 2316:24 Uncaught TypeError: Cannot read property 'appendChild' of null","source":"javascript","timestamp":1602763989570}
{"level":"SEVERE","message":"https://www.axisbank.com/assets/js/coachMark.js 0:31 Uncaught ReferenceError: getCookie is not defined","source":"javascript","timestamp":1602763989571}
{"level":"SEVERE","message":"https://www.axisbank.com// - Invalid 'X-Frame-Options' header encountered when loading 'https://application.axisbank.co.in/webforms/axisbank_subscribeBand/axisbank_subscribeBand.aspx': 'Allow-From www.axisbank.com axmob.axisbank.co.in' is not a recognized directive. The header will be ignored.","source":"other","timestamp":1602763989700}
{"level":"WARNING","message":"https://assets.adobedtm.com/99ed9185474c/48d3ca71b704/launch-ba5be6edbf5b.min.js 1:18437 \"AT:\" \"Failed actions\" Array(3)","source":"console-api","timestamp":1602763996708}
{"level":"SEVERE","message":"https://www.axisbank.com/assets/js/vendor.js 0:13051 Uncaught Error: Syntax error, unrecognized expression: .","source":"javascript","timestamp":1602763996708}
{"level":"SEVERE","message":"https://www.axisbank.com// 1663:34 Uncaught TypeError: Cannot set property 'innerHTML' of null","source":"javascript","timestamp":1602763998017}
{"level":"SEVERE","message":"https://www.axisbank.com// 2046:20 Uncaught TypeError: Cannot read property 'parentNode' of null","source":"javascript","timestamp":1602763998026}
{"level":"SEVERE","message":"https://www.axisbank.com// 2316:24 Uncaught TypeError: Cannot read property 'appendChild' of null","source":"javascript","timestamp":1602763998029}
{"level":"SEVERE","message":"https://www.axisbank.com/assets/js/coachMark.js 0:31 Uncaught ReferenceError: getCookie is not defined","source":"javascript","timestamp":1602763998029}
{"level":"SEVERE","message":"https://www.axisbank.com// - Invalid 'X-Frame-Options' header encountered when loading 'https://application.axisbank.co.in/webforms/axisbank_subscribeBand/axisbank_subscribeBand.aspx': 'Allow-From www.axisbank.com axmob.axisbank.co.in' is not a recognized directive. The header will be ignored.","source":"other","timestamp":1602763998167}
{"level":"SEVERE","message":"https://www.axisbank.com/assets/js/vendor.js 0:13051 Uncaught Error: Syntax error, unrecognized expression: .","source":"javascript","timestamp":1602764000546}
{"level":"WARNING","message":"https://assets.adobedtm.com/99ed9185474c/48d3ca71b704/launch-ba5be6edbf5b.min.js 1:18437 \"AT:\" \"Failed actions\" Array(3)","source":"console-api","timestamp":1602764005069}
{"level":"SEVERE","message":"https://www.axisbank.com// 1673:34 Uncaught TypeError: Cannot set property 'innerHTML' of null","source":"javascript","timestamp":1602764006537}
{"level":"SEVERE","message":"https://www.axisbank.com// 2056:20 Uncaught TypeError: Cannot read property 'parentNode' of null","source":"javascript","timestamp":1602764006545}
{"level":"SEVERE","message":"https://www.axisbank.com// 2326:24 Uncaught TypeError: Cannot read property 'appendChild' of null","source":"javascript","timestamp":1602764006547}
{"level":"SEVERE","message":"https://www.axisbank.com/assets/js/coachMark.js 0:31 Uncaught ReferenceError: getCookie is not defined","source":"javascript","timestamp":1602764006548}
{"level":"SEVERE","message":"https://www.axisbank.com// - Invalid 'X-Frame-Options' header encountered when loading 'https://application.axisbank.co.in/webforms/axisbank_subscribeBand/axisbank_subscribeBand.aspx': 'Allow-From www.axisbank.com axmob.axisbank.co.in' is not a recognized directive. The header will be ignored.","source":"other","timestamp":1602764006796}
{"level":"SEVERE","message":"https://www.axisbank.com/assets/js/vendor.js 0:13051 Uncaught Error: Syntax error, unrecognized expression: .","source":"javascript","timestamp":1602764013546}
{"level":"WARNING","message":"https://assets.adobedtm.com/99ed9185474c/48d3ca71b704/launch-ba5be6edbf5b.min.js 1:18437 \"AT:\" \"Failed actions\" Array(3)","source":"console-api","timestamp":1602764013546}