2020-10-15T12:12:32.000Z INFO @wdio/local-runner: Run worker command: run
2020-10-15T12:12:32.765Z INFO webdriverio: Initiate new session using the ./protocol-stub protocol
2020-10-15T12:12:33.207Z INFO wdio-multiple-cucumber-html-reporter: The 'jsonFolder' was not set, it has been set to the default '.tmp/json/'
2020-10-15T12:12:33.207Z INFO wdio-multiple-cucumber-html-reporter: The 'language' was not set, it has been set to the default 'en'
2020-10-15T12:12:35.238Z INFO @wdio/runner: Wait for 1 reporter to synchronise
2020-10-15T12:12:35.338Z INFO @wdio/runner: Wait for 1 reporter to synchronise
2020-10-15T12:12:35.440Z INFO @wdio/runner: Wait for 1 reporter to synchronise
2020-10-15T12:12:35.541Z INFO @wdio/runner: Wait for 1 reporter to synchronise
2020-10-15T12:12:35.642Z INFO @wdio/runner: Wait for 1 reporter to synchronise
2020-10-15T12:12:35.742Z INFO @wdio/runner: Wait for 1 reporter to synchronise
2020-10-15T12:12:35.843Z INFO @wdio/runner: Wait for 1 reporter to synchronise
2020-10-15T12:12:35.943Z INFO @wdio/runner: Wait for 1 reporter to synchronise
2020-10-15T12:12:36.043Z INFO @wdio/runner: Wait for 1 reporter to synchronise
2020-10-15T12:12:36.144Z INFO @wdio/runner: Wait for 1 reporter to synchronise
2020-10-15T12:12:36.244Z INFO @wdio/runner: Wait for 1 reporter to synchronise
2020-10-15T12:12:36.344Z INFO @wdio/runner: Wait for 1 reporter to synchronise
2020-10-15T12:12:36.444Z INFO @wdio/runner: Wait for 1 reporter to synchronise
2020-10-15T12:12:36.545Z INFO @wdio/runner: Wait for 1 reporter to synchronise
2020-10-15T12:12:36.645Z INFO @wdio/runner: Wait for 1 reporter to synchronise
2020-10-15T12:12:36.745Z INFO @wdio/runner: Wait for 1 reporter to synchronise
2020-10-15T12:12:36.846Z INFO @wdio/runner: Wait for 1 reporter to synchronise
2020-10-15T12:12:36.946Z INFO @wdio/runner: Wait for 1 reporter to synchronise
2020-10-15T12:12:37.047Z INFO @wdio/runner: Wait for 1 reporter to synchronise
2020-10-15T12:12:37.147Z INFO @wdio/runner: Wait for 1 reporter to synchronise
2020-10-15T12:12:37.248Z INFO @wdio/runner: Wait for 1 reporter to synchronise
2020-10-15T12:12:37.347Z INFO @wdio/runner: Wait for 1 reporter to synchronise
2020-10-15T12:12:37.448Z INFO @wdio/runner: Wait for 1 reporter to synchronise
2020-10-15T12:12:37.548Z INFO @wdio/runner: Wait for 1 reporter to synchronise
2020-10-15T12:12:37.649Z INFO @wdio/runner: Wait for 1 reporter to synchronise
2020-10-15T12:12:37.748Z INFO @wdio/runner: Wait for 1 reporter to synchronise
2020-10-15T12:12:37.849Z INFO @wdio/runner: Wait for 1 reporter to synchronise
2020-10-15T12:12:37.950Z INFO @wdio/runner: Wait for 1 reporter to synchronise
2020-10-15T12:12:38.051Z INFO @wdio/runner: Wait for 1 reporter to synchronise
2020-10-15T12:12:38.150Z INFO @wdio/runner: Wait for 1 reporter to synchronise
2020-10-15T12:12:38.250Z INFO @wdio/runner: Wait for 1 reporter to synchronise
2020-10-15T12:12:38.352Z INFO @wdio/runner: Wait for 1 reporter to synchronise
2020-10-15T12:12:38.452Z INFO @wdio/runner: Wait for 1 reporter to synchronise
2020-10-15T12:12:38.552Z INFO @wdio/runner: Wait for 1 reporter to synchronise
2020-10-15T12:12:38.652Z INFO @wdio/runner: Wait for 1 reporter to synchronise
2020-10-15T12:12:38.752Z INFO @wdio/runner: Wait for 1 reporter to synchronise
2020-10-15T12:12:38.859Z INFO @wdio/runner: Wait for 1 reporter to synchronise
2020-10-15T12:12:38.960Z INFO @wdio/runner: Wait for 1 reporter to synchronise
2020-10-15T12:12:39.060Z INFO @wdio/runner: Wait for 1 reporter to synchronise
2020-10-15T12:12:39.160Z INFO @wdio/runner: Wait for 1 reporter to synchronise
2020-10-15T12:12:39.260Z INFO @wdio/runner: Wait for 1 reporter to synchronise
2020-10-15T12:12:39.361Z INFO @wdio/runner: Wait for 1 reporter to synchronise
2020-10-15T12:12:39.462Z INFO @wdio/runner: Wait for 1 reporter to synchronise
2020-10-15T12:12:39.562Z INFO @wdio/runner: Wait for 1 reporter to synchronise
2020-10-15T12:12:39.663Z INFO @wdio/runner: Wait for 1 reporter to synchronise
2020-10-15T12:12:39.764Z INFO @wdio/runner: Wait for 1 reporter to synchronise
2020-10-15T12:12:39.865Z INFO @wdio/runner: Wait for 1 reporter to synchronise
2020-10-15T12:12:39.965Z INFO @wdio/runner: Wait for 1 reporter to synchronise
2020-10-15T12:12:40.066Z INFO @wdio/runner: Wait for 1 reporter to synchronise
2020-10-15T12:12:40.167Z ERROR @wdio/runner: Error: Some reporters are still unsynced: Video
    at Timeout.<anonymous> (D:\TaviscaAssignmentsForQA\webDriverIO-Cucumber\node_modules\@wdio\runner\build\reporter.js:86:25)
    at listOnTimeout (internal/timers.js:549:17)
    at processTimers (internal/timers.js:492:7)
