2020-10-15T12:12:22.310Z INFO @wdio/local-runner: Run worker command: run
2020-10-15T12:12:22.985Z INFO webdriverio: Initiate new session using the ./protocol-stub protocol
2020-10-15T12:12:23.345Z INFO wdio-multiple-cucumber-html-reporter: The 'jsonFolder' was not set, it has been set to the default '.tmp/json/'
2020-10-15T12:12:23.345Z INFO wdio-multiple-cucumber-html-reporter: The 'language' was not set, it has been set to the default 'en'
2020-10-15T12:12:24.991Z INFO webdriverio: Initiate new session using the webdriver protocol
2020-10-15T12:12:24.993Z INFO webdriver: [POST] http://localhost:9515/session
2020-10-15T12:12:24.993Z INFO webdriver: DATA {
  capabilities: {
    alwaysMatch: { browserName: 'chrome', acceptInsecureCerts: true },
    firstMatch: [ {} ]
  },
  desiredCapabilities: { browserName: 'chrome', acceptInsecureCerts: true }
}
2020-10-15T12:12:35.917Z INFO webdriver: COMMAND navigateTo("https://www.axisbank.com//")
2020-10-15T12:12:35.918Z INFO webdriver: [POST] http://localhost:9515/session/aa3fa0558f53e51a747f07318cb2c332/url
2020-10-15T12:12:35.918Z INFO webdriver: DATA { url: 'https://www.axisbank.com//' }
2020-10-15T12:12:43.210Z INFO webdriver: COMMAND takeScreenshot()
2020-10-15T12:12:43.211Z INFO webdriver: [GET] http://localhost:9515/session/aa3fa0558f53e51a747f07318cb2c332/screenshot
2020-10-15T12:12:43.882Z INFO webdriver: RESULT iVBORw0KGgoAAAANSUhEUgAABAoAAAJACAYAAAAEt4QcAAAAAXNSR0IArs4c6...
2020-10-15T12:12:48.318Z INFO webdriver: COMMAND takeScreenshot()
2020-10-15T12:12:48.318Z INFO webdriver: [GET] http://localhost:9515/session/aa3fa0558f53e51a747f07318cb2c332/screenshot
2020-10-15T12:12:48.372Z INFO webdriver: COMMAND navigateTo("https://www.axisbank.com//")
2020-10-15T12:12:48.372Z INFO webdriver: [POST] http://localhost:9515/session/aa3fa0558f53e51a747f07318cb2c332/url
2020-10-15T12:12:48.372Z INFO webdriver: DATA { url: 'https://www.axisbank.com//' }
2020-10-15T12:12:50.916Z INFO webdriver: RESULT iVBORw0KGgoAAAANSUhEUgAABAoAAAJACAYAAAAEt4QcAAAAAXNSR0IArs4c6...
2020-10-15T12:12:56.229Z INFO webdriver: COMMAND takeScreenshot()
2020-10-15T12:12:56.230Z INFO webdriver: [GET] http://localhost:9515/session/aa3fa0558f53e51a747f07318cb2c332/screenshot
2020-10-15T12:12:56.611Z INFO webdriver: RESULT iVBORw0KGgoAAAANSUhEUgAABAoAAAJACAYAAAAEt4QcAAAAAXNSR0IArs4c6...
2020-10-15T12:13:01.274Z INFO webdriver: COMMAND takeScreenshot()
2020-10-15T12:13:01.275Z INFO webdriver: [GET] http://localhost:9515/session/aa3fa0558f53e51a747f07318cb2c332/screenshot
2020-10-15T12:13:01.319Z INFO webdriver: COMMAND navigateTo("https://www.axisbank.com//")
2020-10-15T12:13:01.319Z INFO webdriver: [POST] http://localhost:9515/session/aa3fa0558f53e51a747f07318cb2c332/url
2020-10-15T12:13:01.319Z INFO webdriver: DATA { url: 'https://www.axisbank.com//' }
2020-10-15T12:13:01.694Z INFO webdriver: RESULT iVBORw0KGgoAAAANSUhEUgAABAoAAAJACAYAAAAEt4QcAAAAAXNSR0IArs4c6...
2020-10-15T12:13:06.216Z INFO webdriver: COMMAND takeScreenshot()
2020-10-15T12:13:06.217Z INFO webdriver: [GET] http://localhost:9515/session/aa3fa0558f53e51a747f07318cb2c332/screenshot
2020-10-15T12:13:06.544Z INFO webdriver: RESULT iVBORw0KGgoAAAANSUhEUgAABAoAAAJACAYAAAAEt4QcAAAAAXNSR0IArs4c6...
2020-10-15T12:13:11.340Z INFO webdriver: COMMAND takeScreenshot()
2020-10-15T12:13:11.341Z INFO webdriver: [GET] http://localhost:9515/session/aa3fa0558f53e51a747f07318cb2c332/screenshot
2020-10-15T12:13:11.378Z INFO webdriver: COMMAND navigateTo("https://www.axisbank.com//")
2020-10-15T12:13:11.379Z INFO webdriver: [POST] http://localhost:9515/session/aa3fa0558f53e51a747f07318cb2c332/url
2020-10-15T12:13:11.379Z INFO webdriver: DATA { url: 'https://www.axisbank.com//' }
2020-10-15T12:13:11.709Z INFO webdriver: RESULT iVBORw0KGgoAAAANSUhEUgAABAoAAAJACAYAAAAEt4QcAAAAAXNSR0IArs4c6...
2020-10-15T12:13:15.888Z INFO webdriver: COMMAND takeScreenshot()
2020-10-15T12:13:15.888Z INFO webdriver: [GET] http://localhost:9515/session/aa3fa0558f53e51a747f07318cb2c332/screenshot
2020-10-15T12:13:16.226Z INFO webdriver: RESULT iVBORw0KGgoAAAANSUhEUgAABAoAAAJACAYAAAAEt4QcAAAAAXNSR0IArs4c6...
2020-10-15T12:13:20.918Z INFO webdriver: COMMAND takeScreenshot()
2020-10-15T12:13:20.918Z INFO webdriver: [GET] http://localhost:9515/session/aa3fa0558f53e51a747f07318cb2c332/screenshot
2020-10-15T12:13:20.951Z INFO webdriver: COMMAND navigateTo("https://www.axisbank.com//")
2020-10-15T12:13:20.951Z INFO webdriver: [POST] http://localhost:9515/session/aa3fa0558f53e51a747f07318cb2c332/url
2020-10-15T12:13:20.951Z INFO webdriver: DATA { url: 'https://www.axisbank.com//' }
2020-10-15T12:13:21.286Z INFO webdriver: RESULT iVBORw0KGgoAAAANSUhEUgAABAoAAAJACAYAAAAEt4QcAAAAAXNSR0IArs4c6...
2020-10-15T12:13:23.668Z INFO webdriver: COMMAND takeScreenshot()
2020-10-15T12:13:23.668Z INFO webdriver: [GET] http://localhost:9515/session/aa3fa0558f53e51a747f07318cb2c332/screenshot
2020-10-15T12:13:24.028Z INFO webdriver: RESULT iVBORw0KGgoAAAANSUhEUgAABAoAAAJACAYAAAAEt4QcAAAAAXNSR0IArs4c6...
2020-10-15T12:13:28.706Z INFO webdriver: COMMAND takeScreenshot()
2020-10-15T12:13:28.707Z INFO webdriver: [GET] http://localhost:9515/session/aa3fa0558f53e51a747f07318cb2c332/screenshot
2020-10-15T12:13:28.745Z INFO webdriver: COMMAND navigateTo("https://www.axisbank.com//")
2020-10-15T12:13:28.745Z INFO webdriver: [POST] http://localhost:9515/session/aa3fa0558f53e51a747f07318cb2c332/url
2020-10-15T12:13:28.745Z INFO webdriver: DATA { url: 'https://www.axisbank.com//' }
2020-10-15T12:13:29.250Z INFO webdriver: RESULT iVBORw0KGgoAAAANSUhEUgAABAoAAAJACAYAAAAEt4QcAAAAAXNSR0IArs4c6...
2020-10-15T12:13:32.247Z INFO webdriver: COMMAND takeScreenshot()
2020-10-15T12:13:32.247Z INFO webdriver: [GET] http://localhost:9515/session/aa3fa0558f53e51a747f07318cb2c332/screenshot
2020-10-15T12:13:32.599Z INFO webdriver: RESULT iVBORw0KGgoAAAANSUhEUgAABAoAAAJACAYAAAAEt4QcAAAAAXNSR0IArs4c6...
2020-10-15T12:13:37.291Z INFO webdriver: COMMAND takeScreenshot()
2020-10-15T12:13:37.291Z INFO webdriver: [GET] http://localhost:9515/session/aa3fa0558f53e51a747f07318cb2c332/screenshot
2020-10-15T12:13:37.325Z INFO webdriver: COMMAND getLogTypes()
2020-10-15T12:13:37.326Z INFO webdriver: [GET] http://localhost:9515/session/aa3fa0558f53e51a747f07318cb2c332/se/log/types
2020-10-15T12:13:37.664Z INFO webdriver: RESULT iVBORw0KGgoAAAANSUhEUgAABAoAAAJACAYAAAAEt4QcAAAAAXNSR0IArs4c6...
2020-10-15T12:13:37.672Z INFO webdriver: RESULT [ 'browser', 'driver' ]
2020-10-15T12:13:37.673Z INFO webdriver: COMMAND getLogs("browser")
2020-10-15T12:13:37.673Z INFO webdriver: [POST] http://localhost:9515/session/aa3fa0558f53e51a747f07318cb2c332/se/log
2020-10-15T12:13:37.673Z INFO webdriver: DATA { type: 'browser' }
2020-10-15T12:13:37.674Z INFO webdriver: COMMAND getLogs("driver")
2020-10-15T12:13:37.674Z INFO webdriver: [POST] http://localhost:9515/session/aa3fa0558f53e51a747f07318cb2c332/se/log
2020-10-15T12:13:37.675Z INFO webdriver: DATA { type: 'driver' }
2020-10-15T12:13:37.679Z INFO webdriver: RESULT [
  {
    level: 'SEVERE',
    message: "https://www.axisbank.com// 2046:20 Uncaught TypeError: Cannot read property 'parentNode' of null",
    source: 'javascript',
    timestamp: 1602763961121
  },
  {
    level: 'SEVERE',
    message: "https://www.axisbank.com// 2316:24 Uncaught TypeError: Cannot read property 'appendChild' of null",
    source: 'javascript',
    timestamp: 1602763961135
  },
  {
    level: 'SEVERE',
    message: 'https://www.axisbank.com/assets/js/coachMark.js 0:31 Uncaught ReferenceError: getCookie is not defined',
    source: 'javascript',
    timestamp: 1602763961135
  },
  {
    level: 'SEVERE',
    message: "https://www.axisbank.com// 1663:34 Uncaught TypeError: Cannot set property 'innerHTML' of null",
    source: 'javascript',
    timestamp: 1602763962003
  },
  {
    level: 'SEVERE',
    message: "https://www.axisbank.com// - Invalid 'X-Frame-Options' header encountered when loading 'https://application.axisbank.co.in/webforms/axisbank_subscribeBand/axisbank_subscribeBand.aspx': 'Allow-From www.axisbank.com axmob.axisbank.co.in' is not a recognized directive. The header will be ignored.",
    source: 'other',
    timestamp: 1602763962081
  },
  {
    level: 'WARNING',
    message: 'https://assets.adobedtm.com/99ed9185474c/48d3ca71b704/launch-ba5be6edbf5b.min.js 1:18437 "AT:" "Failed actions" Array(3)',
    source: 'console-api',
    timestamp: 1602763968368
  },
  {
    level: 'SEVERE',
    message: "https://www.axisbank.com// 2046:20 Uncaught TypeError: Cannot read property 'parentNode' of null",
    source: 'javascript',
    timestamp: 1602763972422
  },
  {
    level: 'SEVERE',
    message: "https://www.axisbank.com// 2316:24 Uncaught TypeError: Cannot read property 'appendChild' of null",
    source: 'javascript',
    timestamp: 1602763972429
  },
  {
    level: 'SEVERE',
    message: 'https://www.axisbank.com/assets/js/coachMark.js 0:31 Uncaught ReferenceError: getCookie is not defined',
    source: 'javascript',
    timestamp: 1602763972439
  },
  {
    level: 'SEVERE',
    message: "https://www.axisbank.com// 1663:34 Uncaught TypeError: Cannot set property 'innerHTML' of null",
    source: 'javascript',
    timestamp: 1602763972665
  },
  {
    level: 'SEVERE',
    message: "https://www.axisbank.com// - Invalid 'X-Frame-Options' header encountered when loading 'https://application.axisbank.co.in/webforms/axisbank_subscribeBand/axisbank_subscribeBand.aspx': 'Allow-From www.axisbank.com axmob.axisbank.co.in' is not a recognized directive. The header will be ignored.",
    source: 'other',
    timestamp: 1602763972683
  },
  {
    level: 'WARNING',
    message: 'https://assets.adobedtm.com/99ed9185474c/48d3ca71b704/launch-ba5be6edbf5b.min.js 1:18437 "AT:" "Failed actions" Array(3)',
    source: 'console-api',
    timestamp: 1602763981299
  },
  {
    level: 'SEVERE',
    message: 'https://www.axisbank.com/assets/js/vendor.js 0:13051 Uncaught Error: Syntax error, unrecognized expression: .',
    source: 'javascript',
    timestamp: 1602763981302
  },
  {
    level: 'SEVERE',
    message: "https://www.axisbank.com// 2046:20 Uncaught TypeError: Cannot read property 'parentNode' of null",
    source: 'javascript',
    timestamp: 1602763983075
  },
  {
    level: 'SEVERE',
    message: "https://www.axisbank.com// 2316:24 Uncaught TypeError: Cannot read property 'appendChild' of null",
    source: 'javascript',
    timestamp: 1602763983078
  },
  {
    level: 'SEVERE',
    message: 'https://www.axisbank.com/assets/js/coachMark.js 0:31 Uncaught ReferenceError: getCookie is not defined',
    source: 'javascript',
    timestamp: 1602763983081
  },
  {
    level: 'SEVERE',
    message: "https://www.axisbank.com// 1663:34 Uncaught TypeError: Cannot set property 'innerHTML' of null",
    source: 'javascript',
    timestamp: 1602763983134
  },
  {
    level: 'SEVERE',
    message: "https://www.axisbank.com// - Invalid 'X-Frame-Options' header encountered when loading 'https://application.axisbank.co.in/webforms/axisbank_subscribeBand/axisbank_subscribeBand.aspx': 'Allow-From www.axisbank.com axmob.axisbank.co.in' is not a recognized directive. The header will be ignored.",
    source: 'other',
    timestamp: 1602763983404
  },
  {
    level: 'WARNING',
    message: 'https://assets.adobedtm.com/99ed9185474c/48d3ca71b704/launch-ba5be6edbf5b.min.js 1:18437 "AT:" "Failed actions" Array(3)',
    source: 'console-api',
    timestamp: 1602763991366
  },
  {
    level: 'SEVERE',
    message: 'https://www.axisbank.com/assets/js/vendor.js 0:13051 Uncaught Error: Syntax error, unrecognized expression: .',
    source: 'javascript',
    timestamp: 1602763991366
  },
  {
    level: 'SEVERE',
    message: "https://www.axisbank.com// 1663:34 Uncaught TypeError: Cannot set property 'innerHTML' of null",
    source: 'javascript',
    timestamp: 1602763993135
  },
  {
    level: 'SEVERE',
    message: "https://www.axisbank.com// 2046:20 Uncaught TypeError: Cannot read property 'parentNode' of null",
    source: 'javascript',
    timestamp: 1602763993142
  },
  {
    level: 'SEVERE',
    message: "https://www.axisbank.com// 2316:24 Uncaught TypeError: Cannot read property 'appendChild' of null",
    source: 'javascript',
    timestamp: 1602763993143
  },
  {
    level: 'SEVERE',
    message: 'https://www.axisbank.com/assets/js/coachMark.js 0:31 Uncaught ReferenceError: getCookie is not defined',
    source: 'javascript',
    timestamp: 1602763993144
  },
  {
    level: 'SEVERE',
    message: "https://www.axisbank.com// - Invalid 'X-Frame-Options' header encountered when loading 'https://application.axisbank.co.in/webforms/axisbank_subscribeBand/axisbank_subscribeBand.aspx': 'Allow-From www.axisbank.com axmob.axisbank.co.in' is not a recognized directive. The header will be ignored.",
    source: 'other',
    timestamp: 1602763993337
  },
  {
    level: 'SEVERE',
    message: 'https://www.axisbank.com/assets/js/vendor.js 0:13051 Uncaught Error: Syntax error, unrecognized expression: .',
    source: 'javascript',
    timestamp: 1602764000940
  },
  {
    level: 'WARNING',
    message: 'https://assets.adobedtm.com/99ed9185474c/48d3ca71b704/launch-ba5be6edbf5b.min.js 1:18437 "AT:" "Failed actions" Array(3)',
    source: 'console-api',
    timestamp: 1602764000940
  },
  {
    level: 'SEVERE',
    message: "https://www.axisbank.com// 2056:20 Uncaught TypeError: Cannot read property 'parentNode' of null",
    source: 'javascript',
    timestamp: 1602764001791
  },
  {
    level: 'SEVERE',
    message: "https://www.axisbank.com// 2326:24 Uncaught TypeError: Cannot read property 'appendChild' of null",
    source: 'javascript',
    timestamp: 1602764001795
  },
  {
    level: 'SEVERE',
    message: 'https://www.axisbank.com/assets/js/coachMark.js 0:31 Uncaught ReferenceError: getCookie is not defined',
    source: 'javascript',
    timestamp: 1602764001795
  },
  {
    level: 'SEVERE',
    message: "https://www.axisbank.com// 1673:34 Uncaught TypeError: Cannot set property 'innerHTML' of null",
    source: 'javascript',
    timestamp: 1602764001880
  },
  {
    level: 'SEVERE',
    message: "https://www.axisbank.com// - Invalid 'X-Frame-Options' header encountered when loading 'https://application.axisbank.co.in/webforms/axisbank_subscribeBand/axisbank_subscribeBand.aspx': 'Allow-From www.axisbank.com axmob.axisbank.co.in' is not a recognized directive. The header will be ignored.",
    source: 'other',
    timestamp: 1602764001920
  },
  {
    level: 'WARNING',
    message: 'https://assets.adobedtm.com/99ed9185474c/48d3ca71b704/launch-ba5be6edbf5b.min.js 1:18437 "AT:" "Failed actions" Array(3)',
    source: 'console-api',
    timestamp: 1602764008729
  },
  {
    level: 'SEVERE',
    message: "https://www.axisbank.com// 1673:34 Uncaught TypeError: Cannot set property 'innerHTML' of null",
    source: 'javascript',
    timestamp: 1602764009748
  },
  {
    level: 'SEVERE',
    message: "https://www.axisbank.com// 2056:20 Uncaught TypeError: Cannot read property 'parentNode' of null",
    source: 'javascript',
    timestamp: 1602764009768
  },
  {
    level: 'SEVERE',
    message: "https://www.axisbank.com// 2326:24 Uncaught TypeError: Cannot read property 'appendChild' of null",
    source: 'javascript',
    timestamp: 1602764009768
  },
  {
    level: 'SEVERE',
    message: 'https://www.axisbank.com/assets/js/coachMark.js 0:31 Uncaught ReferenceError: getCookie is not defined',
    source: 'javascript',
    timestamp: 1602764009768
  },
  {
    level: 'SEVERE',
    message: "https://www.axisbank.com// - Invalid 'X-Frame-Options' header encountered when loading 'https://application.axisbank.co.in/webforms/axisbank_subscribeBand/axisbank_subscribeBand.aspx': 'Allow-From www.axisbank.com axmob.axisbank.co.in' is not a recognized directive. The header will be ignored.",
    source: 'other',
    timestamp: 1602764009936
  },
  {
    level: 'SEVERE',
    message: 'https://www.axisbank.com/assets/js/vendor.js 0:13051 Uncaught Error: Syntax error, unrecognized expression: .',
    source: 'javascript',
    timestamp: 1602764017328
  },
  {
    level: 'WARNING',
    message: 'https://assets.adobedtm.com/99ed9185474c/48d3ca71b704/launch-ba5be6edbf5b.min.js 1:18437 "AT:" "Failed actions" Array(3)',
    source: 'console-api',
    timestamp: 1602764017328
  }
]
2020-10-15T12:13:37.683Z INFO webdriver: RESULT [
  {
    level: 'WARNING',
    message: 'This version of ChromeDriver has not been tested with Chrome version 86.\n',
    timestamp: 1602763948428
  }
]
2020-10-15T12:13:37.692Z INFO webdriver: COMMAND deleteSession()
2020-10-15T12:13:37.692Z INFO webdriver: [DELETE] http://localhost:9515/session/aa3fa0558f53e51a747f07318cb2c332
