2020-10-15T12:12:22.382Z INFO @wdio/local-runner: Run worker command: run
2020-10-15T12:12:23.038Z INFO webdriverio: Initiate new session using the ./protocol-stub protocol
2020-10-15T12:12:23.406Z INFO wdio-multiple-cucumber-html-reporter: The 'jsonFolder' was not set, it has been set to the default '.tmp/json/'
2020-10-15T12:12:23.406Z INFO wdio-multiple-cucumber-html-reporter: The 'language' was not set, it has been set to the default 'en'
2020-10-15T12:12:25.082Z INFO @wdio/runner: Wait for 1 reporter to synchronise
2020-10-15T12:12:25.181Z INFO @wdio/runner: Wait for 1 reporter to synchronise
2020-10-15T12:12:25.282Z INFO @wdio/runner: Wait for 1 reporter to synchronise
2020-10-15T12:12:25.383Z INFO @wdio/runner: Wait for 1 reporter to synchronise
2020-10-15T12:12:25.483Z INFO @wdio/runner: Wait for 1 reporter to synchronise
2020-10-15T12:12:25.584Z INFO @wdio/runner: Wait for 1 reporter to synchronise
2020-10-15T12:12:25.685Z INFO @wdio/runner: Wait for 1 reporter to synchronise
2020-10-15T12:12:25.786Z INFO @wdio/runner: Wait for 1 reporter to synchronise
2020-10-15T12:12:25.887Z INFO @wdio/runner: Wait for 1 reporter to synchronise
2020-10-15T12:12:25.987Z INFO @wdio/runner: Wait for 1 reporter to synchronise
2020-10-15T12:12:26.089Z INFO @wdio/runner: Wait for 1 reporter to synchronise
2020-10-15T12:12:26.189Z INFO @wdio/runner: Wait for 1 reporter to synchronise
2020-10-15T12:12:26.290Z INFO @wdio/runner: Wait for 1 reporter to synchronise
2020-10-15T12:12:26.390Z INFO @wdio/runner: Wait for 1 reporter to synchronise
2020-10-15T12:12:26.491Z INFO @wdio/runner: Wait for 1 reporter to synchronise
2020-10-15T12:12:26.592Z INFO @wdio/runner: Wait for 1 reporter to synchronise
2020-10-15T12:12:26.692Z INFO @wdio/runner: Wait for 1 reporter to synchronise
2020-10-15T12:12:26.793Z INFO @wdio/runner: Wait for 1 reporter to synchronise
2020-10-15T12:12:26.894Z INFO @wdio/runner: Wait for 1 reporter to synchronise
2020-10-15T12:12:26.995Z INFO @wdio/runner: Wait for 1 reporter to synchronise
2020-10-15T12:12:27.094Z INFO @wdio/runner: Wait for 1 reporter to synchronise
2020-10-15T12:12:27.195Z INFO @wdio/runner: Wait for 1 reporter to synchronise
2020-10-15T12:12:27.296Z INFO @wdio/runner: Wait for 1 reporter to synchronise
2020-10-15T12:12:27.397Z INFO @wdio/runner: Wait for 1 reporter to synchronise
2020-10-15T12:12:27.506Z INFO @wdio/runner: Wait for 1 reporter to synchronise
2020-10-15T12:12:27.607Z INFO @wdio/runner: Wait for 1 reporter to synchronise
2020-10-15T12:12:27.717Z INFO @wdio/runner: Wait for 1 reporter to synchronise
2020-10-15T12:12:27.818Z INFO @wdio/runner: Wait for 1 reporter to synchronise
2020-10-15T12:12:27.919Z INFO @wdio/runner: Wait for 1 reporter to synchronise
2020-10-15T12:12:28.045Z INFO @wdio/runner: Wait for 1 reporter to synchronise
2020-10-15T12:12:28.145Z INFO @wdio/runner: Wait for 1 reporter to synchronise
2020-10-15T12:12:28.260Z INFO @wdio/runner: Wait for 1 reporter to synchronise
2020-10-15T12:12:28.376Z INFO @wdio/runner: Wait for 1 reporter to synchronise
2020-10-15T12:12:28.478Z INFO @wdio/runner: Wait for 1 reporter to synchronise
2020-10-15T12:12:28.579Z INFO @wdio/runner: Wait for 1 reporter to synchronise
2020-10-15T12:12:28.680Z INFO @wdio/runner: Wait for 1 reporter to synchronise
2020-10-15T12:12:28.781Z INFO @wdio/runner: Wait for 1 reporter to synchronise
2020-10-15T12:12:28.881Z INFO @wdio/runner: Wait for 1 reporter to synchronise
2020-10-15T12:12:28.982Z INFO @wdio/runner: Wait for 1 reporter to synchronise
2020-10-15T12:12:29.086Z INFO @wdio/runner: Wait for 1 reporter to synchronise
2020-10-15T12:12:29.187Z INFO @wdio/runner: Wait for 1 reporter to synchronise
2020-10-15T12:12:29.295Z INFO @wdio/runner: Wait for 1 reporter to synchronise
2020-10-15T12:12:29.396Z INFO @wdio/runner: Wait for 1 reporter to synchronise
2020-10-15T12:12:29.497Z INFO @wdio/runner: Wait for 1 reporter to synchronise
2020-10-15T12:12:29.597Z INFO @wdio/runner: Wait for 1 reporter to synchronise
2020-10-15T12:12:29.697Z INFO @wdio/runner: Wait for 1 reporter to synchronise
2020-10-15T12:12:29.799Z INFO @wdio/runner: Wait for 1 reporter to synchronise
2020-10-15T12:12:29.899Z INFO @wdio/runner: Wait for 1 reporter to synchronise
2020-10-15T12:12:30.001Z ERROR @wdio/runner: Error: Some reporters are still unsynced: Video
    at Timeout.<anonymous> (D:\TaviscaAssignmentsForQA\webDriverIO-Cucumber\node_modules\@wdio\runner\build\reporter.js:86:25)
    at listOnTimeout (internal/timers.js:549:17)
    at processTimers (internal/timers.js:492:7)
