{"level":"SEVERE","message":"https://www.axisbank.com// 2046:20 Uncaught TypeError: Cannot read property 'parentNode' of null","source":"javascript","timestamp":1602763961121}
{"level":"SEVERE","message":"https://www.axisbank.com// 2316:24 Uncaught TypeError: Cannot read property 'appendChild' of null","source":"javascript","timestamp":1602763961135}
{"level":"SEVERE","message":"https://www.axisbank.com/assets/js/coachMark.js 0:31 Uncaught ReferenceError: getCookie is not defined","source":"javascript","timestamp":1602763961135}
{"level":"SEVERE","message":"https://www.axisbank.com// 1663:34 Uncaught TypeError: Cannot set property 'innerHTML' of null","source":"javascript","timestamp":1602763962003}
{"level":"SEVERE","message":"https://www.axisbank.com// - Invalid 'X-Frame-Options' header encountered when loading 'https://application.axisbank.co.in/webforms/axisbank_subscribeBand/axisbank_subscribeBand.aspx': 'Allow-From www.axisbank.com axmob.axisbank.co.in' is not a recognized directive. The header will be ignored.","source":"other","timestamp":1602763962081}
{"level":"WARNING","message":"https://assets.adobedtm.com/99ed9185474c/48d3ca71b704/launch-ba5be6edbf5b.min.js 1:18437 \"AT:\" \"Failed actions\" Array(3)","source":"console-api","timestamp":1602763968368}
{"level":"SEVERE","message":"https://www.axisbank.com// 2046:20 Uncaught TypeError: Cannot read property 'parentNode' of null","source":"javascript","timestamp":1602763972422}
{"level":"SEVERE","message":"https://www.axisbank.com// 2316:24 Uncaught TypeError: Cannot read property 'appendChild' of null","source":"javascript","timestamp":1602763972429}
{"level":"SEVERE","message":"https://www.axisbank.com/assets/js/coachMark.js 0:31 Uncaught ReferenceError: getCookie is not defined","source":"javascript","timestamp":1602763972439}
{"level":"SEVERE","message":"https://www.axisbank.com// 1663:34 Uncaught TypeError: Cannot set property 'innerHTML' of null","source":"javascript","timestamp":1602763972665}
{"level":"SEVERE","message":"https://www.axisbank.com// - Invalid 'X-Frame-Options' header encountered when loading 'https://application.axisbank.co.in/webforms/axisbank_subscribeBand/axisbank_subscribeBand.aspx': 'Allow-From www.axisbank.com axmob.axisbank.co.in' is not a recognized directive. The header will be ignored.","source":"other","timestamp":1602763972683}
{"level":"WARNING","message":"https://assets.adobedtm.com/99ed9185474c/48d3ca71b704/launch-ba5be6edbf5b.min.js 1:18437 \"AT:\" \"Failed actions\" Array(3)","source":"console-api","timestamp":1602763981299}
{"level":"SEVERE","message":"https://www.axisbank.com/assets/js/vendor.js 0:13051 Uncaught Error: Syntax error, unrecognized expression: .","source":"javascript","timestamp":1602763981302}
{"level":"SEVERE","message":"https://www.axisbank.com// 2046:20 Uncaught TypeError: Cannot read property 'parentNode' of null","source":"javascript","timestamp":1602763983075}
{"level":"SEVERE","message":"https://www.axisbank.com// 2316:24 Uncaught TypeError: Cannot read property 'appendChild' of null","source":"javascript","timestamp":1602763983078}
{"level":"SEVERE","message":"https://www.axisbank.com/assets/js/coachMark.js 0:31 Uncaught ReferenceError: getCookie is not defined","source":"javascript","timestamp":1602763983081}
{"level":"SEVERE","message":"https://www.axisbank.com// 1663:34 Uncaught TypeError: Cannot set property 'innerHTML' of null","source":"javascript","timestamp":1602763983134}
{"level":"SEVERE","message":"https://www.axisbank.com// - Invalid 'X-Frame-Options' header encountered when loading 'https://application.axisbank.co.in/webforms/axisbank_subscribeBand/axisbank_subscribeBand.aspx': 'Allow-From www.axisbank.com axmob.axisbank.co.in' is not a recognized directive. The header will be ignored.","source":"other","timestamp":1602763983404}
{"level":"WARNING","message":"https://assets.adobedtm.com/99ed9185474c/48d3ca71b704/launch-ba5be6edbf5b.min.js 1:18437 \"AT:\" \"Failed actions\" Array(3)","source":"console-api","timestamp":1602763991366}
{"level":"SEVERE","message":"https://www.axisbank.com/assets/js/vendor.js 0:13051 Uncaught Error: Syntax error, unrecognized expression: .","source":"javascript","timestamp":1602763991366}
{"level":"SEVERE","message":"https://www.axisbank.com// 1663:34 Uncaught TypeError: Cannot set property 'innerHTML' of null","source":"javascript","timestamp":1602763993135}
{"level":"SEVERE","message":"https://www.axisbank.com// 2046:20 Uncaught TypeError: Cannot read property 'parentNode' of null","source":"javascript","timestamp":1602763993142}
{"level":"SEVERE","message":"https://www.axisbank.com// 2316:24 Uncaught TypeError: Cannot read property 'appendChild' of null","source":"javascript","timestamp":1602763993143}
{"level":"SEVERE","message":"https://www.axisbank.com/assets/js/coachMark.js 0:31 Uncaught ReferenceError: getCookie is not defined","source":"javascript","timestamp":1602763993144}
{"level":"SEVERE","message":"https://www.axisbank.com// - Invalid 'X-Frame-Options' header encountered when loading 'https://application.axisbank.co.in/webforms/axisbank_subscribeBand/axisbank_subscribeBand.aspx': 'Allow-From www.axisbank.com axmob.axisbank.co.in' is not a recognized directive. The header will be ignored.","source":"other","timestamp":1602763993337}
{"level":"SEVERE","message":"https://www.axisbank.com/assets/js/vendor.js 0:13051 Uncaught Error: Syntax error, unrecognized expression: .","source":"javascript","timestamp":1602764000940}
{"level":"WARNING","message":"https://assets.adobedtm.com/99ed9185474c/48d3ca71b704/launch-ba5be6edbf5b.min.js 1:18437 \"AT:\" \"Failed actions\" Array(3)","source":"console-api","timestamp":1602764000940}
{"level":"SEVERE","message":"https://www.axisbank.com// 2056:20 Uncaught TypeError: Cannot read property 'parentNode' of null","source":"javascript","timestamp":1602764001791}
{"level":"SEVERE","message":"https://www.axisbank.com// 2326:24 Uncaught TypeError: Cannot read property 'appendChild' of null","source":"javascript","timestamp":1602764001795}
{"level":"SEVERE","message":"https://www.axisbank.com/assets/js/coachMark.js 0:31 Uncaught ReferenceError: getCookie is not defined","source":"javascript","timestamp":1602764001795}
{"level":"SEVERE","message":"https://www.axisbank.com// 1673:34 Uncaught TypeError: Cannot set property 'innerHTML' of null","source":"javascript","timestamp":1602764001880}
{"level":"SEVERE","message":"https://www.axisbank.com// - Invalid 'X-Frame-Options' header encountered when loading 'https://application.axisbank.co.in/webforms/axisbank_subscribeBand/axisbank_subscribeBand.aspx': 'Allow-From www.axisbank.com axmob.axisbank.co.in' is not a recognized directive. The header will be ignored.","source":"other","timestamp":1602764001920}
{"level":"WARNING","message":"https://assets.adobedtm.com/99ed9185474c/48d3ca71b704/launch-ba5be6edbf5b.min.js 1:18437 \"AT:\" \"Failed actions\" Array(3)","source":"console-api","timestamp":1602764008729}
{"level":"SEVERE","message":"https://www.axisbank.com// 1673:34 Uncaught TypeError: Cannot set property 'innerHTML' of null","source":"javascript","timestamp":1602764009748}
{"level":"SEVERE","message":"https://www.axisbank.com// 2056:20 Uncaught TypeError: Cannot read property 'parentNode' of null","source":"javascript","timestamp":1602764009768}
{"level":"SEVERE","message":"https://www.axisbank.com// 2326:24 Uncaught TypeError: Cannot read property 'appendChild' of null","source":"javascript","timestamp":1602764009768}
{"level":"SEVERE","message":"https://www.axisbank.com/assets/js/coachMark.js 0:31 Uncaught ReferenceError: getCookie is not defined","source":"javascript","timestamp":1602764009768}
{"level":"SEVERE","message":"https://www.axisbank.com// - Invalid 'X-Frame-Options' header encountered when loading 'https://application.axisbank.co.in/webforms/axisbank_subscribeBand/axisbank_subscribeBand.aspx': 'Allow-From www.axisbank.com axmob.axisbank.co.in' is not a recognized directive. The header will be ignored.","source":"other","timestamp":1602764009936}
{"level":"SEVERE","message":"https://www.axisbank.com/assets/js/vendor.js 0:13051 Uncaught Error: Syntax error, unrecognized expression: .","source":"javascript","timestamp":1602764017328}
{"level":"WARNING","message":"https://assets.adobedtm.com/99ed9185474c/48d3ca71b704/launch-ba5be6edbf5b.min.js 1:18437 \"AT:\" \"Failed actions\" Array(3)","source":"console-api","timestamp":1602764017328}