{"level":"SEVERE","message":"https://www.axisbank.com// 2056:20 Uncaught TypeError: Cannot read property 'parentNode' of null","source":"javascript","timestamp":1602762439355}
{"level":"SEVERE","message":"https://www.axisbank.com// 2326:24 Uncaught TypeError: Cannot read property 'appendChild' of null","source":"javascript","timestamp":1602762439355}
{"level":"SEVERE","message":"https://www.axisbank.com/assets/js/coachMark.js 0:31 Uncaught ReferenceError: getCookie is not defined","source":"javascript","timestamp":1602762439355}
{"level":"WARNING","message":"https://assets.adobedtm.com/99ed9185474c/48d3ca71b704/launch-ba5be6edbf5b.min.js 1:18437 \"AT:\" \"Rendering mbox failed\" \"target-global-mbox\" Error: Request timed out\n    at XMLHttpRequest.Dt.e.ontimeout (https://assets.adobedtm.com/99ed9185474c/48d3ca71b704/launch-ba5be6edbf5b.min.js:2:23706)","source":"console-api","timestamp":1602762442688}
{"level":"SEVERE","message":"https://www.axisbank.com// 1673:34 Uncaught TypeError: Cannot set property 'innerHTML' of null","source":"javascript","timestamp":1602762442765}
{"level":"SEVERE","message":"https://www.axisbank.com// - Invalid 'X-Frame-Options' header encountered when loading 'https://application.axisbank.co.in/webforms/axisbank_subscribeBand/axisbank_subscribeBand.aspx': 'Allow-From www.axisbank.com axmob.axisbank.co.in' is not a recognized directive. The header will be ignored.","source":"other","timestamp":1602762443660}
{"level":"SEVERE","message":"https://www.axisbank.com/assets/js/vendor.js 0:13051 Uncaught Error: Syntax error, unrecognized expression: .","source":"javascript","timestamp":1602762454503}
{"level":"SEVERE","message":"https://www.axisbank.com// 2046:20 Uncaught TypeError: Cannot read property 'parentNode' of null","source":"javascript","timestamp":1602762455981}
{"level":"SEVERE","message":"https://www.axisbank.com// 2316:24 Uncaught TypeError: Cannot read property 'appendChild' of null","source":"javascript","timestamp":1602762455982}
{"level":"SEVERE","message":"https://www.axisbank.com/assets/js/coachMark.js 0:31 Uncaught ReferenceError: getCookie is not defined","source":"javascript","timestamp":1602762455982}
{"level":"SEVERE","message":"https://www.axisbank.com// 1663:34 Uncaught TypeError: Cannot set property 'innerHTML' of null","source":"javascript","timestamp":1602762456050}
{"level":"SEVERE","message":"https://www.axisbank.com// - Invalid 'X-Frame-Options' header encountered when loading 'https://application.axisbank.co.in/webforms/axisbank_subscribeBand/axisbank_subscribeBand.aspx': 'Allow-From www.axisbank.com axmob.axisbank.co.in' is not a recognized directive. The header will be ignored.","source":"other","timestamp":1602762456975}
{"level":"WARNING","message":"https://assets.adobedtm.com/99ed9185474c/48d3ca71b704/launch-ba5be6edbf5b.min.js 1:18437 \"AT:\" \"Failed actions\" Array(3)","source":"console-api","timestamp":1602762461922}
{"level":"SEVERE","message":"https://www.axisbank.com/assets/js/vendor.js 0:13051 Uncaught Error: Syntax error, unrecognized expression: .","source":"javascript","timestamp":1602762463859}
{"level":"SEVERE","message":"https://www.axisbank.com// 1673:34 Uncaught TypeError: Cannot set property 'innerHTML' of null","source":"javascript","timestamp":1602762475525}
{"level":"SEVERE","message":"https://www.axisbank.com// 2056:20 Uncaught TypeError: Cannot read property 'parentNode' of null","source":"javascript","timestamp":1602762475544}
{"level":"SEVERE","message":"https://www.axisbank.com// 2326:24 Uncaught TypeError: Cannot read property 'appendChild' of null","source":"javascript","timestamp":1602762475545}
{"level":"SEVERE","message":"https://www.axisbank.com/assets/js/coachMark.js 0:31 Uncaught ReferenceError: getCookie is not defined","source":"javascript","timestamp":1602762475545}
{"level":"SEVERE","message":"https://www.axisbank.com// - Invalid 'X-Frame-Options' header encountered when loading 'https://application.axisbank.co.in/webforms/axisbank_subscribeBand/axisbank_subscribeBand.aspx': 'Allow-From www.axisbank.com axmob.axisbank.co.in' is not a recognized directive. The header will be ignored.","source":"other","timestamp":1602762475822}
{"level":"WARNING","message":"https://assets.adobedtm.com/99ed9185474c/48d3ca71b704/launch-ba5be6edbf5b.min.js 1:18437 \"AT:\" \"Failed actions\" Array(3)","source":"console-api","timestamp":1602762480866}
{"level":"SEVERE","message":"https://www.axisbank.com/assets/js/vendor.js 0:13051 Uncaught Error: Syntax error, unrecognized expression: .","source":"javascript","timestamp":1602762481074}
{"level":"SEVERE","message":"https://www.axisbank.com// 2056:20 Uncaught TypeError: Cannot read property 'parentNode' of null","source":"javascript","timestamp":1602762489076}
{"level":"SEVERE","message":"https://www.axisbank.com// 2326:24 Uncaught TypeError: Cannot read property 'appendChild' of null","source":"javascript","timestamp":1602762489086}
{"level":"SEVERE","message":"https://www.axisbank.com/assets/js/coachMark.js 0:31 Uncaught ReferenceError: getCookie is not defined","source":"javascript","timestamp":1602762489086}
{"level":"SEVERE","message":"https://www.axisbank.com// 1673:34 Uncaught TypeError: Cannot set property 'innerHTML' of null","source":"javascript","timestamp":1602762489391}
{"level":"SEVERE","message":"https://www.axisbank.com// - Invalid 'X-Frame-Options' header encountered when loading 'https://application.axisbank.co.in/webforms/axisbank_subscribeBand/axisbank_subscribeBand.aspx': 'Allow-From www.axisbank.com axmob.axisbank.co.in' is not a recognized directive. The header will be ignored.","source":"other","timestamp":1602762489414}
{"level":"WARNING","message":"https://assets.adobedtm.com/99ed9185474c/48d3ca71b704/launch-ba5be6edbf5b.min.js 1:18437 \"AT:\" \"Failed actions\" Array(3)","source":"console-api","timestamp":1602762498038}
{"level":"SEVERE","message":"https://www.axisbank.com/assets/js/vendor.js 0:13051 Uncaught Error: Syntax error, unrecognized expression: .","source":"javascript","timestamp":1602762498038}
{"level":"SEVERE","message":"https://www.axisbank.com// 1663:34 Uncaught TypeError: Cannot set property 'innerHTML' of null","source":"javascript","timestamp":1602762499520}
{"level":"SEVERE","message":"https://www.axisbank.com// 2046:20 Uncaught TypeError: Cannot read property 'parentNode' of null","source":"javascript","timestamp":1602762499533}
{"level":"SEVERE","message":"https://www.axisbank.com// 2316:24 Uncaught TypeError: Cannot read property 'appendChild' of null","source":"javascript","timestamp":1602762499535}
{"level":"SEVERE","message":"https://www.axisbank.com/assets/js/coachMark.js 0:31 Uncaught ReferenceError: getCookie is not defined","source":"javascript","timestamp":1602762499536}
{"level":"SEVERE","message":"https://www.axisbank.com// - Invalid 'X-Frame-Options' header encountered when loading 'https://application.axisbank.co.in/webforms/axisbank_subscribeBand/axisbank_subscribeBand.aspx': 'Allow-From www.axisbank.com axmob.axisbank.co.in' is not a recognized directive. The header will be ignored.","source":"other","timestamp":1602762499861}
{"level":"WARNING","message":"https://assets.adobedtm.com/99ed9185474c/48d3ca71b704/launch-ba5be6edbf5b.min.js 1:18437 \"AT:\" \"Failed actions\" Array(3)","source":"console-api","timestamp":1602762508430}
{"level":"SEVERE","message":"https://www.axisbank.com/assets/js/vendor.js 0:13051 Uncaught Error: Syntax error, unrecognized expression: .","source":"javascript","timestamp":1602762508438}
{"level":"SEVERE","message":"https://www.axisbank.com// 2046:20 Uncaught TypeError: Cannot read property 'parentNode' of null","source":"javascript","timestamp":1602762509606}
{"level":"SEVERE","message":"https://www.axisbank.com// 2316:24 Uncaught TypeError: Cannot read property 'appendChild' of null","source":"javascript","timestamp":1602762509606}
{"level":"SEVERE","message":"https://www.axisbank.com/assets/js/coachMark.js 0:31 Uncaught ReferenceError: getCookie is not defined","source":"javascript","timestamp":1602762509607}
{"level":"SEVERE","message":"https://www.axisbank.com// 1663:34 Uncaught TypeError: Cannot set property 'innerHTML' of null","source":"javascript","timestamp":1602762509784}
{"level":"SEVERE","message":"https://www.axisbank.com// - Invalid 'X-Frame-Options' header encountered when loading 'https://application.axisbank.co.in/webforms/axisbank_subscribeBand/axisbank_subscribeBand.aspx': 'Allow-From www.axisbank.com axmob.axisbank.co.in' is not a recognized directive. The header will be ignored.","source":"other","timestamp":1602762509855}
{"level":"SEVERE","message":"https://www.axisbank.com/assets/js/vendor.js 0:13051 Uncaught Error: Syntax error, unrecognized expression: .","source":"javascript","timestamp":1602762518211}
{"level":"WARNING","message":"https://assets.adobedtm.com/99ed9185474c/48d3ca71b704/launch-ba5be6edbf5b.min.js 1:18437 \"AT:\" \"Failed actions\" Array(3)","source":"console-api","timestamp":1602762518211}