2020-10-15T12:12:22.315Z INFO @wdio/local-runner: Run worker command: run
2020-10-15T12:12:22.980Z INFO webdriverio: Initiate new session using the ./protocol-stub protocol
2020-10-15T12:12:23.341Z INFO wdio-multiple-cucumber-html-reporter: The 'jsonFolder' was not set, it has been set to the default '.tmp/json/'
2020-10-15T12:12:23.341Z INFO wdio-multiple-cucumber-html-reporter: The 'language' was not set, it has been set to the default 'en'
2020-10-15T12:12:24.978Z INFO webdriverio: Initiate new session using the webdriver protocol
2020-10-15T12:12:24.981Z INFO webdriver: [POST] http://localhost:9515/session
2020-10-15T12:12:24.981Z INFO webdriver: DATA {
  capabilities: {
    alwaysMatch: { browserName: 'chrome', acceptInsecureCerts: true },
    firstMatch: [ {} ]
  },
  desiredCapabilities: { browserName: 'chrome', acceptInsecureCerts: true }
}
2020-10-15T12:12:35.941Z INFO webdriver: COMMAND navigateTo("https://www.axisbank.com//")
2020-10-15T12:12:35.942Z INFO webdriver: [POST] http://localhost:9515/session/f98b6701549fc785c1710bc4ce9b1886/url
2020-10-15T12:12:35.942Z INFO webdriver: DATA { url: 'https://www.axisbank.com//' }
2020-10-15T12:12:43.175Z INFO webdriver: COMMAND takeScreenshot()
2020-10-15T12:12:43.175Z INFO webdriver: [GET] http://localhost:9515/session/f98b6701549fc785c1710bc4ce9b1886/screenshot
2020-10-15T12:12:43.752Z INFO webdriver: RESULT iVBORw0KGgoAAAANSUhEUgAABAoAAAJACAYAAAAEt4QcAAAAAXNSR0IArs4c6...
2020-10-15T12:12:48.249Z INFO webdriver: COMMAND takeScreenshot()
2020-10-15T12:12:48.250Z INFO webdriver: [GET] http://localhost:9515/session/f98b6701549fc785c1710bc4ce9b1886/screenshot
2020-10-15T12:12:48.304Z INFO webdriver: COMMAND navigateTo("https://www.axisbank.com//")
2020-10-15T12:12:48.304Z INFO webdriver: [POST] http://localhost:9515/session/f98b6701549fc785c1710bc4ce9b1886/url
2020-10-15T12:12:48.304Z INFO webdriver: DATA { url: 'https://www.axisbank.com//' }
2020-10-15T12:12:49.729Z INFO webdriver: RESULT iVBORw0KGgoAAAANSUhEUgAABAoAAAJACAYAAAAEt4QcAAAAAXNSR0IArs4c6...
2020-10-15T12:12:54.634Z INFO webdriver: COMMAND takeScreenshot()
2020-10-15T12:12:54.634Z INFO webdriver: [GET] http://localhost:9515/session/f98b6701549fc785c1710bc4ce9b1886/screenshot
2020-10-15T12:12:55.038Z INFO webdriver: RESULT iVBORw0KGgoAAAANSUhEUgAABAoAAAJACAYAAAAEt4QcAAAAAXNSR0IArs4c6...
2020-10-15T12:12:59.687Z INFO webdriver: COMMAND takeScreenshot()
2020-10-15T12:12:59.688Z INFO webdriver: [GET] http://localhost:9515/session/f98b6701549fc785c1710bc4ce9b1886/screenshot
2020-10-15T12:12:59.764Z INFO webdriver: COMMAND navigateTo("https://www.axisbank.com//")
2020-10-15T12:12:59.766Z INFO webdriver: [POST] http://localhost:9515/session/f98b6701549fc785c1710bc4ce9b1886/url
2020-10-15T12:12:59.766Z INFO webdriver: DATA { url: 'https://www.axisbank.com//' }
2020-10-15T12:13:00.094Z INFO webdriver: RESULT iVBORw0KGgoAAAANSUhEUgAABAoAAAJACAYAAAAEt4QcAAAAAXNSR0IArs4c6...
2020-10-15T12:13:03.706Z INFO webdriver: COMMAND takeScreenshot()
2020-10-15T12:13:03.707Z INFO webdriver: [GET] http://localhost:9515/session/f98b6701549fc785c1710bc4ce9b1886/screenshot
2020-10-15T12:13:04.112Z INFO webdriver: RESULT iVBORw0KGgoAAAANSUhEUgAABAoAAAJACAYAAAAEt4QcAAAAAXNSR0IArs4c6...
2020-10-15T12:13:08.751Z INFO webdriver: COMMAND takeScreenshot()
2020-10-15T12:13:08.751Z INFO webdriver: [GET] http://localhost:9515/session/f98b6701549fc785c1710bc4ce9b1886/screenshot
2020-10-15T12:13:08.797Z INFO webdriver: COMMAND navigateTo("https://www.axisbank.com//")
2020-10-15T12:13:08.797Z INFO webdriver: [POST] http://localhost:9515/session/f98b6701549fc785c1710bc4ce9b1886/url
2020-10-15T12:13:08.797Z INFO webdriver: DATA { url: 'https://www.axisbank.com//' }
2020-10-15T12:13:09.106Z INFO webdriver: RESULT iVBORw0KGgoAAAANSUhEUgAABAoAAAJACAYAAAAEt4QcAAAAAXNSR0IArs4c6...
2020-10-15T12:13:11.606Z INFO webdriver: COMMAND takeScreenshot()
2020-10-15T12:13:11.607Z INFO webdriver: [GET] http://localhost:9515/session/f98b6701549fc785c1710bc4ce9b1886/screenshot
2020-10-15T12:13:11.944Z INFO webdriver: RESULT iVBORw0KGgoAAAANSUhEUgAABAoAAAJACAYAAAAEt4QcAAAAAXNSR0IArs4c6...
2020-10-15T12:13:16.665Z INFO webdriver: COMMAND takeScreenshot()
2020-10-15T12:13:16.666Z INFO webdriver: [GET] http://localhost:9515/session/f98b6701549fc785c1710bc4ce9b1886/screenshot
2020-10-15T12:13:16.724Z INFO webdriver: COMMAND navigateTo("https://www.axisbank.com//")
2020-10-15T12:13:16.725Z INFO webdriver: [POST] http://localhost:9515/session/f98b6701549fc785c1710bc4ce9b1886/url
2020-10-15T12:13:16.725Z INFO webdriver: DATA { url: 'https://www.axisbank.com//' }
2020-10-15T12:13:17.032Z INFO webdriver: RESULT iVBORw0KGgoAAAANSUhEUgAABAoAAAJACAYAAAAEt4QcAAAAAXNSR0IArs4c6...
2020-10-15T12:13:19.985Z INFO webdriver: COMMAND takeScreenshot()
2020-10-15T12:13:19.985Z INFO webdriver: [GET] http://localhost:9515/session/f98b6701549fc785c1710bc4ce9b1886/screenshot
2020-10-15T12:13:20.653Z INFO webdriver: RESULT iVBORw0KGgoAAAANSUhEUgAABAoAAAJACAYAAAAEt4QcAAAAAXNSR0IArs4c6...
2020-10-15T12:13:25.034Z INFO webdriver: COMMAND takeScreenshot()
2020-10-15T12:13:25.035Z INFO webdriver: [GET] http://localhost:9515/session/f98b6701549fc785c1710bc4ce9b1886/screenshot
2020-10-15T12:13:25.090Z INFO webdriver: COMMAND navigateTo("https://www.axisbank.com//")
2020-10-15T12:13:25.095Z INFO webdriver: [POST] http://localhost:9515/session/f98b6701549fc785c1710bc4ce9b1886/url
2020-10-15T12:13:25.095Z INFO webdriver: DATA { url: 'https://www.axisbank.com//' }
2020-10-15T12:13:25.386Z INFO webdriver: RESULT iVBORw0KGgoAAAANSUhEUgAABAoAAAJACAYAAAAEt4QcAAAAAXNSR0IArs4c6...
2020-10-15T12:13:28.481Z INFO webdriver: COMMAND takeScreenshot()
2020-10-15T12:13:28.481Z INFO webdriver: [GET] http://localhost:9515/session/f98b6701549fc785c1710bc4ce9b1886/screenshot
2020-10-15T12:13:28.871Z INFO webdriver: RESULT iVBORw0KGgoAAAANSUhEUgAABAoAAAJACAYAAAAEt4QcAAAAAXNSR0IArs4c6...
2020-10-15T12:13:33.518Z INFO webdriver: COMMAND takeScreenshot()
2020-10-15T12:13:33.518Z INFO webdriver: [GET] http://localhost:9515/session/f98b6701549fc785c1710bc4ce9b1886/screenshot
2020-10-15T12:13:33.545Z INFO webdriver: COMMAND getLogTypes()
2020-10-15T12:13:33.545Z INFO webdriver: [GET] http://localhost:9515/session/f98b6701549fc785c1710bc4ce9b1886/se/log/types
2020-10-15T12:13:33.886Z INFO webdriver: RESULT iVBORw0KGgoAAAANSUhEUgAABAoAAAJACAYAAAAEt4QcAAAAAXNSR0IArs4c6...
2020-10-15T12:13:33.896Z INFO webdriver: RESULT [ 'browser', 'driver' ]
2020-10-15T12:13:33.897Z INFO webdriver: COMMAND getLogs("browser")
2020-10-15T12:13:33.897Z INFO webdriver: [POST] http://localhost:9515/session/f98b6701549fc785c1710bc4ce9b1886/se/log
2020-10-15T12:13:33.897Z INFO webdriver: DATA { type: 'browser' }
2020-10-15T12:13:33.898Z INFO webdriver: COMMAND getLogs("driver")
2020-10-15T12:13:33.898Z INFO webdriver: [POST] http://localhost:9515/session/f98b6701549fc785c1710bc4ce9b1886/se/log
2020-10-15T12:13:33.898Z INFO webdriver: DATA { type: 'driver' }
2020-10-15T12:13:33.903Z INFO webdriver: RESULT [
  {
    level: 'SEVERE',
    message: "https://www.axisbank.com// 2046:20 Uncaught TypeError: Cannot read property 'parentNode' of null",
    source: 'javascript',
    timestamp: 1602763960727
  },
  {
    level: 'SEVERE',
    message: "https://www.axisbank.com// 2316:24 Uncaught TypeError: Cannot read property 'appendChild' of null",
    source: 'javascript',
    timestamp: 1602763960731
  },
  {
    level: 'SEVERE',
    message: 'https://www.axisbank.com/assets/js/coachMark.js 0:31 Uncaught ReferenceError: getCookie is not defined',
    source: 'javascript',
    timestamp: 1602763960731
  },
  {
    level: 'SEVERE',
    message: "https://www.axisbank.com// 1663:34 Uncaught TypeError: Cannot set property 'innerHTML' of null",
    source: 'javascript',
    timestamp: 1602763961460
  },
  {
    level: 'SEVERE',
    message: "https://www.axisbank.com// - Invalid 'X-Frame-Options' header encountered when loading 'https://application.axisbank.co.in/webforms/axisbank_subscribeBand/axisbank_subscribeBand.aspx': 'Allow-From www.axisbank.com axmob.axisbank.co.in' is not a recognized directive. The header will be ignored.",
    source: 'other',
    timestamp: 1602763961638
  },
  {
    level: 'WARNING',
    message: 'https://assets.adobedtm.com/99ed9185474c/48d3ca71b704/launch-ba5be6edbf5b.min.js 1:18437 "AT:" "Failed actions" Array(3)',
    source: 'console-api',
    timestamp: 1602763968307
  },
  {
    level: 'SEVERE',
    message: "https://www.axisbank.com// 1663:34 Uncaught TypeError: Cannot set property 'innerHTML' of null",
    source: 'javascript',
    timestamp: 1602763970503
  },
  {
    level: 'SEVERE',
    message: "https://www.axisbank.com// 2046:20 Uncaught TypeError: Cannot read property 'parentNode' of null",
    source: 'javascript',
    timestamp: 1602763970512
  },
  {
    level: 'SEVERE',
    message: "https://www.axisbank.com// 2316:24 Uncaught TypeError: Cannot read property 'appendChild' of null",
    source: 'javascript',
    timestamp: 1602763970517
  },
  {
    level: 'SEVERE',
    message: 'https://www.axisbank.com/assets/js/coachMark.js 0:31 Uncaught ReferenceError: getCookie is not defined',
    source: 'javascript',
    timestamp: 1602763970517
  },
  {
    level: 'SEVERE',
    message: "https://www.axisbank.com// - Invalid 'X-Frame-Options' header encountered when loading 'https://application.axisbank.co.in/webforms/axisbank_subscribeBand/axisbank_subscribeBand.aspx': 'Allow-From www.axisbank.com axmob.axisbank.co.in' is not a recognized directive. The header will be ignored.",
    source: 'other',
    timestamp: 1602763970792
  },
  {
    level: 'WARNING',
    message: 'https://assets.adobedtm.com/99ed9185474c/48d3ca71b704/launch-ba5be6edbf5b.min.js 1:18437 "AT:" "Failed actions" Array(3)',
    source: 'console-api',
    timestamp: 1602763979737
  },
  {
    level: 'SEVERE',
    message: 'https://www.axisbank.com/assets/js/vendor.js 0:13051 Uncaught Error: Syntax error, unrecognized expression: .',
    source: 'javascript',
    timestamp: 1602763979738
  },
  {
    level: 'SEVERE',
    message: "https://www.axisbank.com// 2046:20 Uncaught TypeError: Cannot read property 'parentNode' of null",
    source: 'javascript',
    timestamp: 1602763980808
  },
  {
    level: 'SEVERE',
    message: "https://www.axisbank.com// 2316:24 Uncaught TypeError: Cannot read property 'appendChild' of null",
    source: 'javascript',
    timestamp: 1602763980810
  },
  {
    level: 'SEVERE',
    message: 'https://www.axisbank.com/assets/js/coachMark.js 0:31 Uncaught ReferenceError: getCookie is not defined',
    source: 'javascript',
    timestamp: 1602763980811
  },
  {
    level: 'SEVERE',
    message: "https://www.axisbank.com// 1663:34 Uncaught TypeError: Cannot set property 'innerHTML' of null",
    source: 'javascript',
    timestamp: 1602763980859
  },
  {
    level: 'SEVERE',
    message: "https://www.axisbank.com// - Invalid 'X-Frame-Options' header encountered when loading 'https://application.axisbank.co.in/webforms/axisbank_subscribeBand/axisbank_subscribeBand.aspx': 'Allow-From www.axisbank.com axmob.axisbank.co.in' is not a recognized directive. The header will be ignored.",
    source: 'other',
    timestamp: 1602763981093
  },
  {
    level: 'SEVERE',
    message: 'https://www.axisbank.com/assets/js/vendor.js 0:13051 Uncaught Error: Syntax error, unrecognized expression: .',
    source: 'javascript',
    timestamp: 1602763988781
  },
  {
    level: 'WARNING',
    message: 'https://assets.adobedtm.com/99ed9185474c/48d3ca71b704/launch-ba5be6edbf5b.min.js 1:18437 "AT:" "Failed actions" Array(3)',
    source: 'console-api',
    timestamp: 1602763988782
  },
  {
    level: 'SEVERE',
    message: "https://www.axisbank.com// 1663:34 Uncaught TypeError: Cannot set property 'innerHTML' of null",
    source: 'javascript',
    timestamp: 1602763989561
  },
  {
    level: 'SEVERE',
    message: "https://www.axisbank.com// 2046:20 Uncaught TypeError: Cannot read property 'parentNode' of null",
    source: 'javascript',
    timestamp: 1602763989568
  },
  {
    level: 'SEVERE',
    message: "https://www.axisbank.com// 2316:24 Uncaught TypeError: Cannot read property 'appendChild' of null",
    source: 'javascript',
    timestamp: 1602763989570
  },
  {
    level: 'SEVERE',
    message: 'https://www.axisbank.com/assets/js/coachMark.js 0:31 Uncaught ReferenceError: getCookie is not defined',
    source: 'javascript',
    timestamp: 1602763989571
  },
  {
    level: 'SEVERE',
    message: "https://www.axisbank.com// - Invalid 'X-Frame-Options' header encountered when loading 'https://application.axisbank.co.in/webforms/axisbank_subscribeBand/axisbank_subscribeBand.aspx': 'Allow-From www.axisbank.com axmob.axisbank.co.in' is not a recognized directive. The header will be ignored.",
    source: 'other',
    timestamp: 1602763989700
  },
  {
    level: 'WARNING',
    message: 'https://assets.adobedtm.com/99ed9185474c/48d3ca71b704/launch-ba5be6edbf5b.min.js 1:18437 "AT:" "Failed actions" Array(3)',
    source: 'console-api',
    timestamp: 1602763996708
  },
  {
    level: 'SEVERE',
    message: 'https://www.axisbank.com/assets/js/vendor.js 0:13051 Uncaught Error: Syntax error, unrecognized expression: .',
    source: 'javascript',
    timestamp: 1602763996708
  },
  {
    level: 'SEVERE',
    message: "https://www.axisbank.com// 1663:34 Uncaught TypeError: Cannot set property 'innerHTML' of null",
    source: 'javascript',
    timestamp: 1602763998017
  },
  {
    level: 'SEVERE',
    message: "https://www.axisbank.com// 2046:20 Uncaught TypeError: Cannot read property 'parentNode' of null",
    source: 'javascript',
    timestamp: 1602763998026
  },
  {
    level: 'SEVERE',
    message: "https://www.axisbank.com// 2316:24 Uncaught TypeError: Cannot read property 'appendChild' of null",
    source: 'javascript',
    timestamp: 1602763998029
  },
  {
    level: 'SEVERE',
    message: 'https://www.axisbank.com/assets/js/coachMark.js 0:31 Uncaught ReferenceError: getCookie is not defined',
    source: 'javascript',
    timestamp: 1602763998029
  },
  {
    level: 'SEVERE',
    message: "https://www.axisbank.com// - Invalid 'X-Frame-Options' header encountered when loading 'https://application.axisbank.co.in/webforms/axisbank_subscribeBand/axisbank_subscribeBand.aspx': 'Allow-From www.axisbank.com axmob.axisbank.co.in' is not a recognized directive. The header will be ignored.",
    source: 'other',
    timestamp: 1602763998167
  },
  {
    level: 'SEVERE',
    message: 'https://www.axisbank.com/assets/js/vendor.js 0:13051 Uncaught Error: Syntax error, unrecognized expression: .',
    source: 'javascript',
    timestamp: 1602764000546
  },
  {
    level: 'WARNING',
    message: 'https://assets.adobedtm.com/99ed9185474c/48d3ca71b704/launch-ba5be6edbf5b.min.js 1:18437 "AT:" "Failed actions" Array(3)',
    source: 'console-api',
    timestamp: 1602764005069
  },
  {
    level: 'SEVERE',
    message: "https://www.axisbank.com// 1673:34 Uncaught TypeError: Cannot set property 'innerHTML' of null",
    source: 'javascript',
    timestamp: 1602764006537
  },
  {
    level: 'SEVERE',
    message: "https://www.axisbank.com// 2056:20 Uncaught TypeError: Cannot read property 'parentNode' of null",
    source: 'javascript',
    timestamp: 1602764006545
  },
  {
    level: 'SEVERE',
    message: "https://www.axisbank.com// 2326:24 Uncaught TypeError: Cannot read property 'appendChild' of null",
    source: 'javascript',
    timestamp: 1602764006547
  },
  {
    level: 'SEVERE',
    message: 'https://www.axisbank.com/assets/js/coachMark.js 0:31 Uncaught ReferenceError: getCookie is not defined',
    source: 'javascript',
    timestamp: 1602764006548
  },
  {
    level: 'SEVERE',
    message: "https://www.axisbank.com// - Invalid 'X-Frame-Options' header encountered when loading 'https://application.axisbank.co.in/webforms/axisbank_subscribeBand/axisbank_subscribeBand.aspx': 'Allow-From www.axisbank.com axmob.axisbank.co.in' is not a recognized directive. The header will be ignored.",
    source: 'other',
    timestamp: 1602764006796
  },
  {
    level: 'SEVERE',
    message: 'https://www.axisbank.com/assets/js/vendor.js 0:13051 Uncaught Error: Syntax error, unrecognized expression: .',
    source: 'javascript',
    timestamp: 1602764013546
  },
  {
    level: 'WARNING',
    message: 'https://assets.adobedtm.com/99ed9185474c/48d3ca71b704/launch-ba5be6edbf5b.min.js 1:18437 "AT:" "Failed actions" Array(3)',
    source: 'console-api',
    timestamp: 1602764013546
  }
]
2020-10-15T12:13:33.911Z INFO webdriver: RESULT [
  {
    level: 'WARNING',
    message: 'This version of ChromeDriver has not been tested with Chrome version 86.\n',
    timestamp: 1602763948420
  }
]
2020-10-15T12:13:33.921Z INFO webdriver: COMMAND deleteSession()
2020-10-15T12:13:33.924Z INFO webdriver: [DELETE] http://localhost:9515/session/f98b6701549fc785c1710bc4ce9b1886
